[0.206s] DEBUG:colcon:Command line arguments: ['/usr/bin/colcon', 'build', '--symlink-install', '--packages-select', 'map_explorer']
[0.206s] DEBUG:colcon:Parsed command line arguments: Namespace(log_base=None, log_level=None, verb_name='build', build_base='build', install_base='install', merge_install=False, symlink_install=True, test_result_base=None, continue_on_error=False, executor='parallel', parallel_workers=8, event_handlers=None, ignore_user_meta=False, metas=['./colcon.meta'], base_paths=['.'], packages_ignore=None, packages_ignore_regex=None, paths=None, packages_up_to=None, packages_up_to_regex=None, packages_above=None, packages_above_and_dependencies=None, packages_above_depth=None, packages_select_by_dep=None, packages_skip_by_dep=None, packages_skip_up_to=None, packages_select_build_failed=False, packages_skip_build_finished=False, packages_select_test_failures=False, packages_skip_test_passed=False, packages_select=['map_explorer'], packages_skip=None, packages_select_regex=None, packages_skip_regex=None, packages_start=None, packages_end=None, allow_overriding=[], cmake_args=None, cmake_target=None, cmake_target_skip_unavailable=False, cmake_clean_cache=False, cmake_clean_first=False, cmake_force_configure=False, ament_cmake_args=None, catkin_cmake_args=None, catkin_skip_building_tests=False, mixin_files=None, mixin=None, verb_parser=<colcon_mixin.mixin.mixin_argument.MixinArgumentDecorator object at 0x7f277e8ca980>, verb_extension=<colcon_core.verb.build.BuildVerb object at 0x7f277e8ca3e0>, main=<bound method BuildVerb.main of <colcon_core.verb.build.BuildVerb object at 0x7f277e8ca3e0>>, mixin_verb=('build',))
[0.451s] Level 1:colcon.colcon_core.package_discovery:discover_packages(colcon_meta) check parameters
[0.452s] Level 1:colcon.colcon_core.package_discovery:discover_packages(recursive) check parameters
[0.452s] Level 1:colcon.colcon_core.package_discovery:discover_packages(ignore) check parameters
[0.452s] Level 1:colcon.colcon_core.package_discovery:discover_packages(path) check parameters
[0.452s] Level 1:colcon.colcon_core.package_discovery:discover_packages(colcon_meta) discover
[0.452s] Level 1:colcon.colcon_core.package_discovery:discover_packages(recursive) discover
[0.452s] INFO:colcon.colcon_core.package_discovery:Crawling recursively for packages in '/home/brog/metr4202/metr4202_ws'
[0.452s] Level 1:colcon.colcon_core.package_identification:_identify(.) by extensions ['ignore', 'ignore_ament_install']
[0.452s] Level 1:colcon.colcon_core.package_identification:_identify(.) by extension 'ignore'
[0.452s] Level 1:colcon.colcon_core.package_identification:_identify(.) by extension 'ignore_ament_install'
[0.452s] Level 1:colcon.colcon_core.package_identification:_identify(.) by extensions ['colcon_pkg']
[0.453s] Level 1:colcon.colcon_core.package_identification:_identify(.) by extension 'colcon_pkg'
[0.453s] Level 1:colcon.colcon_core.package_identification:_identify(.) by extensions ['colcon_meta']
[0.453s] Level 1:colcon.colcon_core.package_identification:_identify(.) by extension 'colcon_meta'
[0.453s] Level 1:colcon.colcon_core.package_identification:_identify(.) by extensions ['ros']
[0.453s] Level 1:colcon.colcon_core.package_identification:_identify(.) by extension 'ros'
[0.471s] Level 1:colcon.colcon_core.package_identification:_identify(.) by extensions ['cmake', 'python']
[0.471s] Level 1:colcon.colcon_core.package_identification:_identify(.) by extension 'cmake'
[0.471s] Level 1:colcon.colcon_core.package_identification:_identify(.) by extension 'python'
[0.471s] Level 1:colcon.colcon_core.package_identification:_identify(.) by extensions ['python_setup_py']
[0.471s] Level 1:colcon.colcon_core.package_identification:_identify(.) by extension 'python_setup_py'
[0.472s] Level 1:colcon.colcon_core.package_identification:_identify(build) by extensions ['ignore', 'ignore_ament_install']
[0.472s] Level 1:colcon.colcon_core.package_identification:_identify(build) by extension 'ignore'
[0.472s] Level 1:colcon.colcon_core.package_identification:_identify(build) ignored
[0.472s] Level 1:colcon.colcon_core.package_identification:_identify(install) by extensions ['ignore', 'ignore_ament_install']
[0.472s] Level 1:colcon.colcon_core.package_identification:_identify(install) by extension 'ignore'
[0.472s] Level 1:colcon.colcon_core.package_identification:_identify(install) ignored
[0.472s] Level 1:colcon.colcon_core.package_identification:_identify(log) by extensions ['ignore', 'ignore_ament_install']
[0.473s] Level 1:colcon.colcon_core.package_identification:_identify(log) by extension 'ignore'
[0.473s] Level 1:colcon.colcon_core.package_identification:_identify(log) ignored
[0.473s] Level 1:colcon.colcon_core.package_identification:_identify(src) by extensions ['ignore', 'ignore_ament_install']
[0.473s] Level 1:colcon.colcon_core.package_identification:_identify(src) by extension 'ignore'
[0.473s] Level 1:colcon.colcon_core.package_identification:_identify(src) by extension 'ignore_ament_install'
[0.473s] Level 1:colcon.colcon_core.package_identification:_identify(src) by extensions ['colcon_pkg']
[0.473s] Level 1:colcon.colcon_core.package_identification:_identify(src) by extension 'colcon_pkg'
[0.473s] Level 1:colcon.colcon_core.package_identification:_identify(src) by extensions ['colcon_meta']
[0.473s] Level 1:colcon.colcon_core.package_identification:_identify(src) by extension 'colcon_meta'
[0.473s] Level 1:colcon.colcon_core.package_identification:_identify(src) by extensions ['ros']
[0.473s] Level 1:colcon.colcon_core.package_identification:_identify(src) by extension 'ros'
[0.473s] Level 1:colcon.colcon_core.package_identification:_identify(src) by extensions ['cmake', 'python']
[0.474s] Level 1:colcon.colcon_core.package_identification:_identify(src) by extension 'cmake'
[0.474s] Level 1:colcon.colcon_core.package_identification:_identify(src) by extension 'python'
[0.474s] Level 1:colcon.colcon_core.package_identification:_identify(src) by extensions ['python_setup_py']
[0.474s] Level 1:colcon.colcon_core.package_identification:_identify(src) by extension 'python_setup_py'
[0.474s] Level 1:colcon.colcon_core.package_identification:_identify(src/map_explorer) by extensions ['ignore', 'ignore_ament_install']
[0.474s] Level 1:colcon.colcon_core.package_identification:_identify(src/map_explorer) by extension 'ignore'
[0.474s] Level 1:colcon.colcon_core.package_identification:_identify(src/map_explorer) by extension 'ignore_ament_install'
[0.475s] Level 1:colcon.colcon_core.package_identification:_identify(src/map_explorer) by extensions ['colcon_pkg']
[0.475s] Level 1:colcon.colcon_core.package_identification:_identify(src/map_explorer) by extension 'colcon_pkg'
[0.475s] Level 1:colcon.colcon_core.package_identification:_identify(src/map_explorer) by extensions ['colcon_meta']
[0.475s] Level 1:colcon.colcon_core.package_identification:_identify(src/map_explorer) by extension 'colcon_meta'
[0.475s] Level 1:colcon.colcon_core.package_identification:_identify(src/map_explorer) by extensions ['ros']
[0.475s] Level 1:colcon.colcon_core.package_identification:_identify(src/map_explorer) by extension 'ros'
[0.480s] DEBUG:colcon.colcon_core.package_identification:Package 'src/map_explorer' with type 'ros.ament_python' and name 'map_explorer'
[0.481s] Level 1:colcon.colcon_core.package_identification:_identify(src/waypoint_commander) by extensions ['ignore', 'ignore_ament_install']
[0.481s] Level 1:colcon.colcon_core.package_identification:_identify(src/waypoint_commander) by extension 'ignore'
[0.481s] Level 1:colcon.colcon_core.package_identification:_identify(src/waypoint_commander) by extension 'ignore_ament_install'
[0.481s] Level 1:colcon.colcon_core.package_identification:_identify(src/waypoint_commander) by extensions ['colcon_pkg']
[0.481s] Level 1:colcon.colcon_core.package_identification:_identify(src/waypoint_commander) by extension 'colcon_pkg'
[0.481s] Level 1:colcon.colcon_core.package_identification:_identify(src/waypoint_commander) by extensions ['colcon_meta']
[0.481s] Level 1:colcon.colcon_core.package_identification:_identify(src/waypoint_commander) by extension 'colcon_meta'
[0.481s] Level 1:colcon.colcon_core.package_identification:_identify(src/waypoint_commander) by extensions ['ros']
[0.481s] Level 1:colcon.colcon_core.package_identification:_identify(src/waypoint_commander) by extension 'ros'
[0.483s] DEBUG:colcon.colcon_core.package_identification:Package 'src/waypoint_commander' with type 'ros.ament_python' and name 'waypoint_commander'
[0.483s] Level 1:colcon.colcon_core.package_discovery:discover_packages(recursive) using defaults
[0.483s] Level 1:colcon.colcon_core.package_discovery:discover_packages(ignore) discover
[0.483s] Level 1:colcon.colcon_core.package_discovery:discover_packages(ignore) using defaults
[0.483s] Level 1:colcon.colcon_core.package_discovery:discover_packages(path) discover
[0.483s] Level 1:colcon.colcon_core.package_discovery:discover_packages(path) using defaults
[0.521s] INFO:colcon.colcon_core.package_selection:Skipping not selected package 'waypoint_commander' in 'src/waypoint_commander'
[0.521s] Level 1:colcon.colcon_core.package_discovery:discover_packages(prefix_path) check parameters
[0.521s] Level 1:colcon.colcon_core.package_discovery:discover_packages(prefix_path) discover
[0.525s] DEBUG:colcon.colcon_installed_package_information.package_discovery:Found 3 installed packages in /home/brog/metr4202/metr4202_ws/install
[0.526s] DEBUG:colcon.colcon_installed_package_information.package_discovery:Found 15 installed packages in /home/brog/metr4202/turtlebot3_ws/install
[0.528s] DEBUG:colcon.colcon_installed_package_information.package_discovery:Found 363 installed packages in /opt/ros/humble
[0.550s] Level 1:colcon.colcon_core.package_discovery:discover_packages(prefix_path) using defaults
[0.641s] Level 5:colcon.colcon_core.verb:set package 'map_explorer' build argument 'cmake_args' from command line to 'None'
[0.641s] Level 5:colcon.colcon_core.verb:set package 'map_explorer' build argument 'cmake_target' from command line to 'None'
[0.641s] Level 5:colcon.colcon_core.verb:set package 'map_explorer' build argument 'cmake_target_skip_unavailable' from command line to 'False'
[0.641s] Level 5:colcon.colcon_core.verb:set package 'map_explorer' build argument 'cmake_clean_cache' from command line to 'False'
[0.641s] Level 5:colcon.colcon_core.verb:set package 'map_explorer' build argument 'cmake_clean_first' from command line to 'False'
[0.641s] Level 5:colcon.colcon_core.verb:set package 'map_explorer' build argument 'cmake_force_configure' from command line to 'False'
[0.641s] Level 5:colcon.colcon_core.verb:set package 'map_explorer' build argument 'ament_cmake_args' from command line to 'None'
[0.641s] Level 5:colcon.colcon_core.verb:set package 'map_explorer' build argument 'catkin_cmake_args' from command line to 'None'
[0.641s] Level 5:colcon.colcon_core.verb:set package 'map_explorer' build argument 'catkin_skip_building_tests' from command line to 'False'
[0.642s] DEBUG:colcon.colcon_core.verb:Building package 'map_explorer' with the following arguments: {'ament_cmake_args': None, 'build_base': '/home/brog/metr4202/metr4202_ws/build/map_explorer', 'catkin_cmake_args': None, 'catkin_skip_building_tests': False, 'cmake_args': None, 'cmake_clean_cache': False, 'cmake_clean_first': False, 'cmake_force_configure': False, 'cmake_target': None, 'cmake_target_skip_unavailable': False, 'install_base': '/home/brog/metr4202/metr4202_ws/install/map_explorer', 'merge_install': False, 'path': '/home/brog/metr4202/metr4202_ws/src/map_explorer', 'symlink_install': True, 'test_result_base': None}
[0.642s] INFO:colcon.colcon_core.executor:Executing jobs using 'parallel' executor
[0.644s] DEBUG:colcon.colcon_parallel_executor.executor.parallel:run_until_complete
[0.645s] INFO:colcon.colcon_ros.task.ament_python.build:Building ROS package in '/home/brog/metr4202/metr4202_ws/src/map_explorer' with build type 'ament_python'
[0.645s] Level 1:colcon.colcon_core.shell:create_environment_hook('map_explorer', 'ament_prefix_path')
[0.649s] INFO:colcon.colcon_core.plugin_system:Skipping extension 'colcon_core.shell.bat': Not used on non-Windows systems
[0.649s] INFO:colcon.colcon_core.shell:Creating environment hook '/home/brog/metr4202/metr4202_ws/install/map_explorer/share/map_explorer/hook/ament_prefix_path.ps1'
[0.651s] INFO:colcon.colcon_core.shell:Creating environment descriptor '/home/brog/metr4202/metr4202_ws/install/map_explorer/share/map_explorer/hook/ament_prefix_path.dsv'
[0.653s] INFO:colcon.colcon_core.shell:Creating environment hook '/home/brog/metr4202/metr4202_ws/install/map_explorer/share/map_explorer/hook/ament_prefix_path.sh'
[0.655s] INFO:colcon.colcon_core.shell:Skip shell extension 'powershell' for command environment: Not usable outside of PowerShell
[0.655s] DEBUG:colcon.colcon_core.shell:Skip shell extension 'dsv' for command environment
[1.179s] INFO:colcon.colcon_core.task.python.build:Building Python package in '/home/brog/metr4202/metr4202_ws/src/map_explorer'
[1.180s] INFO:colcon.colcon_core.shell:Skip shell extension 'powershell' for command environment: Not usable outside of PowerShell
[1.180s] DEBUG:colcon.colcon_core.shell:Skip shell extension 'dsv' for command environment
[1.990s] DEBUG:colcon.colcon_core.event_handler.log_command:Invoking command in '/home/brog/metr4202/metr4202_ws/build/map_explorer': PYTHONPATH=/home/brog/metr4202/metr4202_ws/build/map_explorer/prefix_override:/usr/lib/python3/dist-packages/colcon_core/task/python/colcon_distutils_commands:/home/brog/metr4202/metr4202_ws/install/map_explorer/lib/python3.10/site-packages:${PYTHONPATH} WSLENV=ELECTRON_RUN_AS_NODE/w:WT_SESSION:WT_PROFILE_ID: /usr/bin/python3 -W ignore:setup.py install is deprecated setup.py develop --editable --build-directory /home/brog/metr4202/metr4202_ws/build/map_explorer/build --no-deps symlink_data
[2.834s] Level 1:colcon.colcon_core.shell:create_environment_hook('map_explorer', 'pythonpath_develop')
[2.835s] INFO:colcon.colcon_core.shell:Creating environment hook '/home/brog/metr4202/metr4202_ws/build/map_explorer/share/map_explorer/hook/pythonpath_develop.ps1'
[2.836s] DEBUG:colcon.colcon_core.event_handler.log_command:Invoked command in '/home/brog/metr4202/metr4202_ws/build/map_explorer' returned '0': PYTHONPATH=/home/brog/metr4202/metr4202_ws/build/map_explorer/prefix_override:/usr/lib/python3/dist-packages/colcon_core/task/python/colcon_distutils_commands:/home/brog/metr4202/metr4202_ws/install/map_explorer/lib/python3.10/site-packages:${PYTHONPATH} WSLENV=ELECTRON_RUN_AS_NODE/w:WT_SESSION:WT_PROFILE_ID: /usr/bin/python3 -W ignore:setup.py install is deprecated setup.py develop --editable --build-directory /home/brog/metr4202/metr4202_ws/build/map_explorer/build --no-deps symlink_data
[2.837s] INFO:colcon.colcon_core.shell:Creating environment descriptor '/home/brog/metr4202/metr4202_ws/build/map_explorer/share/map_explorer/hook/pythonpath_develop.dsv'
[2.837s] INFO:colcon.colcon_core.shell:Creating environment hook '/home/brog/metr4202/metr4202_ws/build/map_explorer/share/map_explorer/hook/pythonpath_develop.sh'
[2.840s] Level 1:colcon.colcon_core.environment:checking '/home/brog/metr4202/metr4202_ws/install/map_explorer' for CMake module files
[2.841s] Level 1:colcon.colcon_core.environment:checking '/home/brog/metr4202/metr4202_ws/install/map_explorer' for CMake config files
[2.842s] Level 1:colcon.colcon_core.environment:checking '/home/brog/metr4202/metr4202_ws/install/map_explorer/lib'
[2.843s] Level 1:colcon.colcon_core.environment:checking '/home/brog/metr4202/metr4202_ws/install/map_explorer/bin'
[2.843s] Level 1:colcon.colcon_core.environment:checking '/home/brog/metr4202/metr4202_ws/install/map_explorer/lib/pkgconfig/map_explorer.pc'
[2.844s] Level 1:colcon.colcon_core.environment:checking '/home/brog/metr4202/metr4202_ws/install/map_explorer/lib/python3.10/site-packages'
[2.844s] Level 1:colcon.colcon_core.shell:create_environment_hook('map_explorer', 'pythonpath')
[2.845s] INFO:colcon.colcon_core.shell:Creating environment hook '/home/brog/metr4202/metr4202_ws/install/map_explorer/share/map_explorer/hook/pythonpath.ps1'
[2.846s] INFO:colcon.colcon_core.shell:Creating environment descriptor '/home/brog/metr4202/metr4202_ws/install/map_explorer/share/map_explorer/hook/pythonpath.dsv'
[2.847s] INFO:colcon.colcon_core.shell:Creating environment hook '/home/brog/metr4202/metr4202_ws/install/map_explorer/share/map_explorer/hook/pythonpath.sh'
[2.848s] Level 1:colcon.colcon_core.environment:checking '/home/brog/metr4202/metr4202_ws/install/map_explorer/bin'
[2.848s] Level 1:colcon.colcon_core.environment:create_environment_scripts_only(map_explorer)
[2.849s] INFO:colcon.colcon_core.shell:Creating package script '/home/brog/metr4202/metr4202_ws/install/map_explorer/share/map_explorer/package.ps1'
[2.851s] INFO:colcon.colcon_core.shell:Creating package descriptor '/home/brog/metr4202/metr4202_ws/install/map_explorer/share/map_explorer/package.dsv'
[2.852s] INFO:colcon.colcon_core.shell:Creating package script '/home/brog/metr4202/metr4202_ws/install/map_explorer/share/map_explorer/package.sh'
[2.854s] INFO:colcon.colcon_core.shell:Creating package script '/home/brog/metr4202/metr4202_ws/install/map_explorer/share/map_explorer/package.bash'
[2.855s] INFO:colcon.colcon_core.shell:Creating package script '/home/brog/metr4202/metr4202_ws/install/map_explorer/share/map_explorer/package.zsh'
[2.856s] Level 1:colcon.colcon_core.environment:create_file_with_runtime_dependencies(/home/brog/metr4202/metr4202_ws/install/map_explorer/share/colcon-core/packages/map_explorer)
[2.857s] DEBUG:colcon.colcon_parallel_executor.executor.parallel:closing loop
[2.857s] DEBUG:colcon.colcon_parallel_executor.executor.parallel:loop closed
[2.858s] DEBUG:colcon.colcon_parallel_executor.executor.parallel:run_until_complete finished with '0'
[2.858s] DEBUG:colcon.colcon_core.event_reactor:joining thread
[2.905s] INFO:colcon.colcon_core.plugin_system:Skipping extension 'colcon_notification.desktop_notification.notify_send': Could not find 'notify-send'
[2.906s] INFO:colcon.colcon_core.plugin_system:Skipping extension 'colcon_notification.desktop_notification.terminal_notifier': Not used on non-Darwin systems
[2.906s] INFO:colcon.colcon_core.plugin_system:Skipping extension 'colcon_notification.desktop_notification.win32': Not used on non-Windows systems
[2.906s] INFO:colcon.colcon_notification.desktop_notification:Sending desktop notification using 'notify2'
[2.906s] DEBUG:colcon.colcon_notification.desktop_notification.notify2:Failed to initialize notify2: org.freedesktop.DBus.Error.FileNotFound: Failed to connect to socket /run/user/1000/bus: No such file or directory
[2.906s] DEBUG:colcon.colcon_core.event_reactor:joined thread
[2.907s] INFO:colcon.colcon_core.shell:Creating prefix script '/home/brog/metr4202/metr4202_ws/install/local_setup.ps1'
[2.909s] INFO:colcon.colcon_core.shell:Creating prefix util module '/home/brog/metr4202/metr4202_ws/install/_local_setup_util_ps1.py'
[2.911s] INFO:colcon.colcon_core.shell:Creating prefix chain script '/home/brog/metr4202/metr4202_ws/install/setup.ps1'
[2.914s] INFO:colcon.colcon_core.shell:Creating prefix script '/home/brog/metr4202/metr4202_ws/install/local_setup.sh'
[2.917s] INFO:colcon.colcon_core.shell:Creating prefix util module '/home/brog/metr4202/metr4202_ws/install/_local_setup_util_sh.py'
[2.919s] INFO:colcon.colcon_core.shell:Creating prefix chain script '/home/brog/metr4202/metr4202_ws/install/setup.sh'
[2.923s] INFO:colcon.colcon_core.shell:Creating prefix script '/home/brog/metr4202/metr4202_ws/install/local_setup.bash'
[2.924s] INFO:colcon.colcon_core.shell:Creating prefix chain script '/home/brog/metr4202/metr4202_ws/install/setup.bash'
[2.926s] INFO:colcon.colcon_core.shell:Creating prefix script '/home/brog/metr4202/metr4202_ws/install/local_setup.zsh'
[2.927s] INFO:colcon.colcon_core.shell:Creating prefix chain script '/home/brog/metr4202/metr4202_ws/install/setup.zsh'
