[1.616s] Invoking command in '/home/brog/metr4202/metr4202_ws/src/nav2_wavefront_frontier_exploration': PYTHONPATH=/home/brog/metr4202/metr4202_ws/build/nav2_wfd/prefix_override:/usr/lib/python3/dist-packages/colcon_core/task/python/colcon_distutils_commands:/home/brog/metr4202/metr4202_ws/install/nav2_wfd/lib/python3.10/site-packages:${PYTHONPATH} /usr/bin/python3 -W ignore:setup.py install is deprecated setup.py egg_info --egg-base ../../build/nav2_wfd build --build-base /home/brog/metr4202/metr4202_ws/build/nav2_wfd/build install --record /home/brog/metr4202/metr4202_ws/build/nav2_wfd/install.log --install-scripts $base/lib/nav2_wfd --single-version-externally-managed install_data
[2.149s] /usr/lib/python3/dist-packages/setuptools/dist.py:723: UserWarning: Usage of dash-separated 'script-dir' will not be supported in future versions. Please use the underscore name 'script_dir' instead
[2.149s]   warnings.warn(
[2.169s] running egg_info
[2.172s] writing ../../build/nav2_wfd/nav2_wfd.egg-info/PKG-INFO
[2.172s] writing dependency_links to ../../build/nav2_wfd/nav2_wfd.egg-info/dependency_links.txt
[2.173s] writing entry points to ../../build/nav2_wfd/nav2_wfd.egg-info/entry_points.txt
[2.173s] writing requirements to ../../build/nav2_wfd/nav2_wfd.egg-info/requires.txt
[2.173s] writing top-level names to ../../build/nav2_wfd/nav2_wfd.egg-info/top_level.txt
[2.177s] reading manifest file '../../build/nav2_wfd/nav2_wfd.egg-info/SOURCES.txt'
[2.177s] adding license file 'LICENSE'
[2.179s] writing manifest file '../../build/nav2_wfd/nav2_wfd.egg-info/SOURCES.txt'
[2.180s] running build
[2.180s] running build_py
[2.180s] running install
[2.180s] running install_lib
[2.183s] running install_data
[2.184s] running install_egg_info
[2.187s] removing '/home/brog/metr4202/metr4202_ws/install/nav2_wfd/lib/python3.10/site-packages/nav2_wfd-0.0.0-py3.10.egg-info' (and everything under it)
[2.189s] Copying ../../build/nav2_wfd/nav2_wfd.egg-info to /home/brog/metr4202/metr4202_ws/install/nav2_wfd/lib/python3.10/site-packages/nav2_wfd-0.0.0-py3.10.egg-info
[2.192s] running install_scripts
[2.250s] Installing explore script to /home/brog/metr4202/metr4202_ws/install/nav2_wfd/lib/nav2_wfd
[2.250s] writing list of installed files to '/home/brog/metr4202/metr4202_ws/build/nav2_wfd/install.log'
[2.305s] Invoked command in '/home/brog/metr4202/metr4202_ws/src/nav2_wavefront_frontier_exploration' returned '0': PYTHONPATH=/home/brog/metr4202/metr4202_ws/build/nav2_wfd/prefix_override:/usr/lib/python3/dist-packages/colcon_core/task/python/colcon_distutils_commands:/home/brog/metr4202/metr4202_ws/install/nav2_wfd/lib/python3.10/site-packages:${PYTHONPATH} /usr/bin/python3 -W ignore:setup.py install is deprecated setup.py egg_info --egg-base ../../build/nav2_wfd build --build-base /home/brog/metr4202/metr4202_ws/build/nav2_wfd/build install --record /home/brog/metr4202/metr4202_ws/build/nav2_wfd/install.log --install-scripts $base/lib/nav2_wfd --single-version-externally-managed install_data
