[0.540s] DEBUG:colcon:Command line arguments: ['/usr/bin/colcon', 'build', '--symlink-install', '--packages-select', 'map_explorer']
[0.541s] DEBUG:colcon:Parsed command line arguments: Namespace(log_base=None, log_level=None, verb_name='build', build_base='build', install_base='install', merge_install=False, symlink_install=True, test_result_base=None, continue_on_error=False, executor='parallel', parallel_workers=8, event_handlers=None, ignore_user_meta=False, metas=['./colcon.meta'], base_paths=['.'], packages_ignore=None, packages_ignore_regex=None, paths=None, packages_up_to=None, packages_up_to_regex=None, packages_above=None, packages_above_and_dependencies=None, packages_above_depth=None, packages_select_by_dep=None, packages_skip_by_dep=None, packages_skip_up_to=None, packages_select_build_failed=False, packages_skip_build_finished=False, packages_select_test_failures=False, packages_skip_test_passed=False, packages_select=['map_explorer'], packages_skip=None, packages_select_regex=None, packages_skip_regex=None, packages_start=None, packages_end=None, allow_overriding=[], cmake_args=None, cmake_target=None, cmake_target_skip_unavailable=False, cmake_clean_cache=False, cmake_clean_first=False, cmake_force_configure=False, ament_cmake_args=None, catkin_cmake_args=None, catkin_skip_building_tests=False, mixin_files=None, mixin=None, verb_parser=<colcon_mixin.mixin.mixin_argument.MixinArgumentDecorator object at 0x7f684691e980>, verb_extension=<colcon_core.verb.build.BuildVerb object at 0x7f684691e3e0>, main=<bound method BuildVerb.main of <colcon_core.verb.build.BuildVerb object at 0x7f684691e3e0>>, mixin_verb=('build',))
[1.122s] Level 1:colcon.colcon_core.package_discovery:discover_packages(colcon_meta) check parameters
[1.123s] Level 1:colcon.colcon_core.package_discovery:discover_packages(recursive) check parameters
[1.123s] Level 1:colcon.colcon_core.package_discovery:discover_packages(ignore) check parameters
[1.123s] Level 1:colcon.colcon_core.package_discovery:discover_packages(path) check parameters
[1.123s] Level 1:colcon.colcon_core.package_discovery:discover_packages(colcon_meta) discover
[1.124s] Level 1:colcon.colcon_core.package_discovery:discover_packages(recursive) discover
[1.125s] INFO:colcon.colcon_core.package_discovery:Crawling recursively for packages in '/home/brog/metr4202/metr4202_ws'
[1.125s] Level 1:colcon.colcon_core.package_identification:_identify(.) by extensions ['ignore', 'ignore_ament_install']
[1.125s] Level 1:colcon.colcon_core.package_identification:_identify(.) by extension 'ignore'
[1.126s] Level 1:colcon.colcon_core.package_identification:_identify(.) by extension 'ignore_ament_install'
[1.126s] Level 1:colcon.colcon_core.package_identification:_identify(.) by extensions ['colcon_pkg']
[1.126s] Level 1:colcon.colcon_core.package_identification:_identify(.) by extension 'colcon_pkg'
[1.126s] Level 1:colcon.colcon_core.package_identification:_identify(.) by extensions ['colcon_meta']
[1.127s] Level 1:colcon.colcon_core.package_identification:_identify(.) by extension 'colcon_meta'
[1.127s] Level 1:colcon.colcon_core.package_identification:_identify(.) by extensions ['ros']
[1.127s] Level 1:colcon.colcon_core.package_identification:_identify(.) by extension 'ros'
[1.167s] Level 1:colcon.colcon_core.package_identification:_identify(.) by extensions ['cmake', 'python']
[1.167s] Level 1:colcon.colcon_core.package_identification:_identify(.) by extension 'cmake'
[1.167s] Level 1:colcon.colcon_core.package_identification:_identify(.) by extension 'python'
[1.167s] Level 1:colcon.colcon_core.package_identification:_identify(.) by extensions ['python_setup_py']
[1.167s] Level 1:colcon.colcon_core.package_identification:_identify(.) by extension 'python_setup_py'
[1.168s] Level 1:colcon.colcon_core.package_identification:_identify(build) by extensions ['ignore', 'ignore_ament_install']
[1.168s] Level 1:colcon.colcon_core.package_identification:_identify(build) by extension 'ignore'
[1.168s] Level 1:colcon.colcon_core.package_identification:_identify(build) ignored
[1.169s] Level 1:colcon.colcon_core.package_identification:_identify(install) by extensions ['ignore', 'ignore_ament_install']
[1.169s] Level 1:colcon.colcon_core.package_identification:_identify(install) by extension 'ignore'
[1.169s] Level 1:colcon.colcon_core.package_identification:_identify(install) ignored
[1.169s] Level 1:colcon.colcon_core.package_identification:_identify(log) by extensions ['ignore', 'ignore_ament_install']
[1.170s] Level 1:colcon.colcon_core.package_identification:_identify(log) by extension 'ignore'
[1.170s] Level 1:colcon.colcon_core.package_identification:_identify(log) ignored
[1.170s] Level 1:colcon.colcon_core.package_identification:_identify(src) by extensions ['ignore', 'ignore_ament_install']
[1.170s] Level 1:colcon.colcon_core.package_identification:_identify(src) by extension 'ignore'
[1.170s] Level 1:colcon.colcon_core.package_identification:_identify(src) by extension 'ignore_ament_install'
[1.170s] Level 1:colcon.colcon_core.package_identification:_identify(src) by extensions ['colcon_pkg']
[1.170s] Level 1:colcon.colcon_core.package_identification:_identify(src) by extension 'colcon_pkg'
[1.171s] Level 1:colcon.colcon_core.package_identification:_identify(src) by extensions ['colcon_meta']
[1.171s] Level 1:colcon.colcon_core.package_identification:_identify(src) by extension 'colcon_meta'
[1.171s] Level 1:colcon.colcon_core.package_identification:_identify(src) by extensions ['ros']
[1.171s] Level 1:colcon.colcon_core.package_identification:_identify(src) by extension 'ros'
[1.171s] Level 1:colcon.colcon_core.package_identification:_identify(src) by extensions ['cmake', 'python']
[1.171s] Level 1:colcon.colcon_core.package_identification:_identify(src) by extension 'cmake'
[1.171s] Level 1:colcon.colcon_core.package_identification:_identify(src) by extension 'python'
[1.171s] Level 1:colcon.colcon_core.package_identification:_identify(src) by extensions ['python_setup_py']
[1.171s] Level 1:colcon.colcon_core.package_identification:_identify(src) by extension 'python_setup_py'
[1.172s] Level 1:colcon.colcon_core.package_identification:_identify(src/map_explorer) by extensions ['ignore', 'ignore_ament_install']
[1.172s] Level 1:colcon.colcon_core.package_identification:_identify(src/map_explorer) by extension 'ignore'
[1.172s] Level 1:colcon.colcon_core.package_identification:_identify(src/map_explorer) by extension 'ignore_ament_install'
[1.172s] Level 1:colcon.colcon_core.package_identification:_identify(src/map_explorer) by extensions ['colcon_pkg']
[1.172s] Level 1:colcon.colcon_core.package_identification:_identify(src/map_explorer) by extension 'colcon_pkg'
[1.172s] Level 1:colcon.colcon_core.package_identification:_identify(src/map_explorer) by extensions ['colcon_meta']
[1.172s] Level 1:colcon.colcon_core.package_identification:_identify(src/map_explorer) by extension 'colcon_meta'
[1.172s] Level 1:colcon.colcon_core.package_identification:_identify(src/map_explorer) by extensions ['ros']
[1.172s] Level 1:colcon.colcon_core.package_identification:_identify(src/map_explorer) by extension 'ros'
[1.188s] DEBUG:colcon.colcon_core.package_identification:Package 'src/map_explorer' with type 'ros.ament_python' and name 'map_explorer'
[1.189s] Level 1:colcon.colcon_core.package_identification:_identify(src/waypoint_commander) by extensions ['ignore', 'ignore_ament_install']
[1.189s] Level 1:colcon.colcon_core.package_identification:_identify(src/waypoint_commander) by extension 'ignore'
[1.189s] Level 1:colcon.colcon_core.package_identification:_identify(src/waypoint_commander) by extension 'ignore_ament_install'
[1.189s] Level 1:colcon.colcon_core.package_identification:_identify(src/waypoint_commander) by extensions ['colcon_pkg']
[1.189s] Level 1:colcon.colcon_core.package_identification:_identify(src/waypoint_commander) by extension 'colcon_pkg'
[1.189s] Level 1:colcon.colcon_core.package_identification:_identify(src/waypoint_commander) by extensions ['colcon_meta']
[1.190s] Level 1:colcon.colcon_core.package_identification:_identify(src/waypoint_commander) by extension 'colcon_meta'
[1.190s] Level 1:colcon.colcon_core.package_identification:_identify(src/waypoint_commander) by extensions ['ros']
[1.190s] Level 1:colcon.colcon_core.package_identification:_identify(src/waypoint_commander) by extension 'ros'
[1.198s] DEBUG:colcon.colcon_core.package_identification:Package 'src/waypoint_commander' with type 'ros.ament_python' and name 'waypoint_commander'
[1.199s] Level 1:colcon.colcon_core.package_discovery:discover_packages(recursive) using defaults
[1.199s] Level 1:colcon.colcon_core.package_discovery:discover_packages(ignore) discover
[1.199s] Level 1:colcon.colcon_core.package_discovery:discover_packages(ignore) using defaults
[1.199s] Level 1:colcon.colcon_core.package_discovery:discover_packages(path) discover
[1.200s] Level 1:colcon.colcon_core.package_discovery:discover_packages(path) using defaults
[1.281s] INFO:colcon.colcon_core.package_selection:Skipping not selected package 'waypoint_commander' in 'src/waypoint_commander'
[1.282s] Level 1:colcon.colcon_core.package_discovery:discover_packages(prefix_path) check parameters
[1.283s] Level 1:colcon.colcon_core.package_discovery:discover_packages(prefix_path) discover
[1.298s] DEBUG:colcon.colcon_installed_package_information.package_discovery:Found 3 installed packages in /home/brog/metr4202/metr4202_ws/install
[1.300s] DEBUG:colcon.colcon_installed_package_information.package_discovery:Found 15 installed packages in /home/brog/metr4202/turtlebot3_ws/install
[1.315s] DEBUG:colcon.colcon_installed_package_information.package_discovery:Found 363 installed packages in /opt/ros/humble
[1.359s] Level 1:colcon.colcon_core.package_discovery:discover_packages(prefix_path) using defaults
[1.572s] Level 5:colcon.colcon_core.verb:set package 'map_explorer' build argument 'cmake_args' from command line to 'None'
[1.573s] Level 5:colcon.colcon_core.verb:set package 'map_explorer' build argument 'cmake_target' from command line to 'None'
[1.573s] Level 5:colcon.colcon_core.verb:set package 'map_explorer' build argument 'cmake_target_skip_unavailable' from command line to 'False'
[1.573s] Level 5:colcon.colcon_core.verb:set package 'map_explorer' build argument 'cmake_clean_cache' from command line to 'False'
[1.573s] Level 5:colcon.colcon_core.verb:set package 'map_explorer' build argument 'cmake_clean_first' from command line to 'False'
[1.573s] Level 5:colcon.colcon_core.verb:set package 'map_explorer' build argument 'cmake_force_configure' from command line to 'False'
[1.573s] Level 5:colcon.colcon_core.verb:set package 'map_explorer' build argument 'ament_cmake_args' from command line to 'None'
[1.573s] Level 5:colcon.colcon_core.verb:set package 'map_explorer' build argument 'catkin_cmake_args' from command line to 'None'
[1.573s] Level 5:colcon.colcon_core.verb:set package 'map_explorer' build argument 'catkin_skip_building_tests' from command line to 'False'
[1.573s] DEBUG:colcon.colcon_core.verb:Building package 'map_explorer' with the following arguments: {'ament_cmake_args': None, 'build_base': '/home/brog/metr4202/metr4202_ws/build/map_explorer', 'catkin_cmake_args': None, 'catkin_skip_building_tests': False, 'cmake_args': None, 'cmake_clean_cache': False, 'cmake_clean_first': False, 'cmake_force_configure': False, 'cmake_target': None, 'cmake_target_skip_unavailable': False, 'install_base': '/home/brog/metr4202/metr4202_ws/install/map_explorer', 'merge_install': False, 'path': '/home/brog/metr4202/metr4202_ws/src/map_explorer', 'symlink_install': True, 'test_result_base': None}
[1.574s] INFO:colcon.colcon_core.executor:Executing jobs using 'parallel' executor
[1.579s] DEBUG:colcon.colcon_parallel_executor.executor.parallel:run_until_complete
[1.580s] INFO:colcon.colcon_ros.task.ament_python.build:Building ROS package in '/home/brog/metr4202/metr4202_ws/src/map_explorer' with build type 'ament_python'
[1.591s] Level 1:colcon.colcon_core.shell:create_environment_hook('map_explorer', 'ament_prefix_path')
[1.596s] INFO:colcon.colcon_core.plugin_system:Skipping extension 'colcon_core.shell.bat': Not used on non-Windows systems
[1.597s] INFO:colcon.colcon_core.shell:Creating environment hook '/home/brog/metr4202/metr4202_ws/install/map_explorer/share/map_explorer/hook/ament_prefix_path.ps1'
[1.598s] INFO:colcon.colcon_core.shell:Creating environment descriptor '/home/brog/metr4202/metr4202_ws/install/map_explorer/share/map_explorer/hook/ament_prefix_path.dsv'
[1.600s] INFO:colcon.colcon_core.shell:Creating environment hook '/home/brog/metr4202/metr4202_ws/install/map_explorer/share/map_explorer/hook/ament_prefix_path.sh'
[1.611s] INFO:colcon.colcon_core.shell:Skip shell extension 'powershell' for command environment: Not usable outside of PowerShell
[1.611s] DEBUG:colcon.colcon_core.shell:Skip shell extension 'dsv' for command environment
[2.635s] INFO:colcon.colcon_core.task.python.build:Building Python package in '/home/brog/metr4202/metr4202_ws/src/map_explorer'
[2.636s] INFO:colcon.colcon_core.shell:Skip shell extension 'powershell' for command environment: Not usable outside of PowerShell
[2.636s] DEBUG:colcon.colcon_core.shell:Skip shell extension 'dsv' for command environment
[3.908s] DEBUG:colcon.colcon_core.event_handler.log_command:Invoking command in '/home/brog/metr4202/metr4202_ws/build/map_explorer': PYTHONPATH=/home/brog/metr4202/metr4202_ws/build/map_explorer/prefix_override:/usr/lib/python3/dist-packages/colcon_core/task/python/colcon_distutils_commands:/home/brog/metr4202/metr4202_ws/install/map_explorer/lib/python3.10/site-packages:${PYTHONPATH} WSLENV=ELECTRON_RUN_AS_NODE/w:WT_SESSION:WT_PROFILE_ID: /usr/bin/python3 -W ignore:setup.py install is deprecated setup.py develop --editable --build-directory /home/brog/metr4202/metr4202_ws/build/map_explorer/build --no-deps symlink_data
[5.308s] Level 1:colcon.colcon_core.shell:create_environment_hook('map_explorer', 'pythonpath_develop')
[5.309s] INFO:colcon.colcon_core.shell:Creating environment hook '/home/brog/metr4202/metr4202_ws/build/map_explorer/share/map_explorer/hook/pythonpath_develop.ps1'
[5.310s] INFO:colcon.colcon_core.shell:Creating environment descriptor '/home/brog/metr4202/metr4202_ws/build/map_explorer/share/map_explorer/hook/pythonpath_develop.dsv'
[5.311s] INFO:colcon.colcon_core.shell:Creating environment hook '/home/brog/metr4202/metr4202_ws/build/map_explorer/share/map_explorer/hook/pythonpath_develop.sh'
[5.313s] DEBUG:colcon.colcon_core.event_handler.log_command:Invoked command in '/home/brog/metr4202/metr4202_ws/build/map_explorer' returned '0': PYTHONPATH=/home/brog/metr4202/metr4202_ws/build/map_explorer/prefix_override:/usr/lib/python3/dist-packages/colcon_core/task/python/colcon_distutils_commands:/home/brog/metr4202/metr4202_ws/install/map_explorer/lib/python3.10/site-packages:${PYTHONPATH} WSLENV=ELECTRON_RUN_AS_NODE/w:WT_SESSION:WT_PROFILE_ID: /usr/bin/python3 -W ignore:setup.py install is deprecated setup.py develop --editable --build-directory /home/brog/metr4202/metr4202_ws/build/map_explorer/build --no-deps symlink_data
[5.319s] Level 1:colcon.colcon_core.environment:checking '/home/brog/metr4202/metr4202_ws/install/map_explorer' for CMake module files
[5.320s] Level 1:colcon.colcon_core.environment:checking '/home/brog/metr4202/metr4202_ws/install/map_explorer' for CMake config files
[5.321s] Level 1:colcon.colcon_core.environment:checking '/home/brog/metr4202/metr4202_ws/install/map_explorer/lib'
[5.321s] Level 1:colcon.colcon_core.environment:checking '/home/brog/metr4202/metr4202_ws/install/map_explorer/bin'
[5.321s] Level 1:colcon.colcon_core.environment:checking '/home/brog/metr4202/metr4202_ws/install/map_explorer/lib/pkgconfig/map_explorer.pc'
[5.322s] Level 1:colcon.colcon_core.environment:checking '/home/brog/metr4202/metr4202_ws/install/map_explorer/lib/python3.10/site-packages'
[5.322s] Level 1:colcon.colcon_core.shell:create_environment_hook('map_explorer', 'pythonpath')
[5.323s] INFO:colcon.colcon_core.shell:Creating environment hook '/home/brog/metr4202/metr4202_ws/install/map_explorer/share/map_explorer/hook/pythonpath.ps1'
[5.327s] INFO:colcon.colcon_core.shell:Creating environment descriptor '/home/brog/metr4202/metr4202_ws/install/map_explorer/share/map_explorer/hook/pythonpath.dsv'
[5.328s] INFO:colcon.colcon_core.shell:Creating environment hook '/home/brog/metr4202/metr4202_ws/install/map_explorer/share/map_explorer/hook/pythonpath.sh'
[5.329s] Level 1:colcon.colcon_core.environment:checking '/home/brog/metr4202/metr4202_ws/install/map_explorer/bin'
[5.329s] Level 1:colcon.colcon_core.environment:create_environment_scripts_only(map_explorer)
[5.330s] INFO:colcon.colcon_core.shell:Creating package script '/home/brog/metr4202/metr4202_ws/install/map_explorer/share/map_explorer/package.ps1'
[5.332s] INFO:colcon.colcon_core.shell:Creating package descriptor '/home/brog/metr4202/metr4202_ws/install/map_explorer/share/map_explorer/package.dsv'
[5.333s] INFO:colcon.colcon_core.shell:Creating package script '/home/brog/metr4202/metr4202_ws/install/map_explorer/share/map_explorer/package.sh'
[5.335s] INFO:colcon.colcon_core.shell:Creating package script '/home/brog/metr4202/metr4202_ws/install/map_explorer/share/map_explorer/package.bash'
[5.337s] INFO:colcon.colcon_core.shell:Creating package script '/home/brog/metr4202/metr4202_ws/install/map_explorer/share/map_explorer/package.zsh'
[5.340s] Level 1:colcon.colcon_core.environment:create_file_with_runtime_dependencies(/home/brog/metr4202/metr4202_ws/install/map_explorer/share/colcon-core/packages/map_explorer)
[5.342s] DEBUG:colcon.colcon_parallel_executor.executor.parallel:closing loop
[5.344s] DEBUG:colcon.colcon_parallel_executor.executor.parallel:loop closed
[5.344s] DEBUG:colcon.colcon_parallel_executor.executor.parallel:run_until_complete finished with '0'
[5.345s] DEBUG:colcon.colcon_core.event_reactor:joining thread
[5.422s] INFO:colcon.colcon_core.plugin_system:Skipping extension 'colcon_notification.desktop_notification.notify_send': Could not find 'notify-send'
[5.423s] INFO:colcon.colcon_core.plugin_system:Skipping extension 'colcon_notification.desktop_notification.terminal_notifier': Not used on non-Darwin systems
[5.423s] INFO:colcon.colcon_core.plugin_system:Skipping extension 'colcon_notification.desktop_notification.win32': Not used on non-Windows systems
[5.423s] INFO:colcon.colcon_notification.desktop_notification:Sending desktop notification using 'notify2'
[5.424s] DEBUG:colcon.colcon_notification.desktop_notification.notify2:Failed to initialize notify2: org.freedesktop.DBus.Error.FileNotFound: Failed to connect to socket /run/user/1000/bus: No such file or directory
[5.424s] DEBUG:colcon.colcon_core.event_reactor:joined thread
[5.426s] INFO:colcon.colcon_core.shell:Creating prefix script '/home/brog/metr4202/metr4202_ws/install/local_setup.ps1'
[5.428s] INFO:colcon.colcon_core.shell:Creating prefix util module '/home/brog/metr4202/metr4202_ws/install/_local_setup_util_ps1.py'
[5.432s] INFO:colcon.colcon_core.shell:Creating prefix chain script '/home/brog/metr4202/metr4202_ws/install/setup.ps1'
[5.438s] INFO:colcon.colcon_core.shell:Creating prefix script '/home/brog/metr4202/metr4202_ws/install/local_setup.sh'
[5.440s] INFO:colcon.colcon_core.shell:Creating prefix util module '/home/brog/metr4202/metr4202_ws/install/_local_setup_util_sh.py'
[5.443s] INFO:colcon.colcon_core.shell:Creating prefix chain script '/home/brog/metr4202/metr4202_ws/install/setup.sh'
[5.449s] INFO:colcon.colcon_core.shell:Creating prefix script '/home/brog/metr4202/metr4202_ws/install/local_setup.bash'
[5.450s] INFO:colcon.colcon_core.shell:Creating prefix chain script '/home/brog/metr4202/metr4202_ws/install/setup.bash'
[5.455s] INFO:colcon.colcon_core.shell:Creating prefix script '/home/brog/metr4202/metr4202_ws/install/local_setup.zsh'
[5.457s] INFO:colcon.colcon_core.shell:Creating prefix chain script '/home/brog/metr4202/metr4202_ws/install/setup.zsh'
