[0.254s] DEBUG:colcon:Command line arguments: ['/usr/bin/colcon', 'build', '--symlink-install', '--packages-select', 'map_explorer']
[0.254s] DEBUG:colcon:Parsed command line arguments: Namespace(log_base=None, log_level=None, verb_name='build', build_base='build', install_base='install', merge_install=False, symlink_install=True, test_result_base=None, continue_on_error=False, executor='parallel', parallel_workers=8, event_handlers=None, ignore_user_meta=False, metas=['./colcon.meta'], base_paths=['.'], packages_ignore=None, packages_ignore_regex=None, paths=None, packages_up_to=None, packages_up_to_regex=None, packages_above=None, packages_above_and_dependencies=None, packages_above_depth=None, packages_select_by_dep=None, packages_skip_by_dep=None, packages_skip_up_to=None, packages_select_build_failed=False, packages_skip_build_finished=False, packages_select_test_failures=False, packages_skip_test_passed=False, packages_select=['map_explorer'], packages_skip=None, packages_select_regex=None, packages_skip_regex=None, packages_start=None, packages_end=None, allow_overriding=[], cmake_args=None, cmake_target=None, cmake_target_skip_unavailable=False, cmake_clean_cache=False, cmake_clean_first=False, cmake_force_configure=False, ament_cmake_args=None, catkin_cmake_args=None, catkin_skip_building_tests=False, mixin_files=None, mixin=None, verb_parser=<colcon_mixin.mixin.mixin_argument.MixinArgumentDecorator object at 0x7f8c3e3e2980>, verb_extension=<colcon_core.verb.build.BuildVerb object at 0x7f8c3e3e23e0>, main=<bound method BuildVerb.main of <colcon_core.verb.build.BuildVerb object at 0x7f8c3e3e23e0>>, mixin_verb=('build',))
[0.553s] Level 1:colcon.colcon_core.package_discovery:discover_packages(colcon_meta) check parameters
[0.553s] Level 1:colcon.colcon_core.package_discovery:discover_packages(recursive) check parameters
[0.554s] Level 1:colcon.colcon_core.package_discovery:discover_packages(ignore) check parameters
[0.554s] Level 1:colcon.colcon_core.package_discovery:discover_packages(path) check parameters
[0.554s] Level 1:colcon.colcon_core.package_discovery:discover_packages(colcon_meta) discover
[0.554s] Level 1:colcon.colcon_core.package_discovery:discover_packages(recursive) discover
[0.554s] INFO:colcon.colcon_core.package_discovery:Crawling recursively for packages in '/home/brog/metr4202/metr4202_ws'
[0.554s] Level 1:colcon.colcon_core.package_identification:_identify(.) by extensions ['ignore', 'ignore_ament_install']
[0.554s] Level 1:colcon.colcon_core.package_identification:_identify(.) by extension 'ignore'
[0.554s] Level 1:colcon.colcon_core.package_identification:_identify(.) by extension 'ignore_ament_install'
[0.555s] Level 1:colcon.colcon_core.package_identification:_identify(.) by extensions ['colcon_pkg']
[0.555s] Level 1:colcon.colcon_core.package_identification:_identify(.) by extension 'colcon_pkg'
[0.555s] Level 1:colcon.colcon_core.package_identification:_identify(.) by extensions ['colcon_meta']
[0.555s] Level 1:colcon.colcon_core.package_identification:_identify(.) by extension 'colcon_meta'
[0.555s] Level 1:colcon.colcon_core.package_identification:_identify(.) by extensions ['ros']
[0.555s] Level 1:colcon.colcon_core.package_identification:_identify(.) by extension 'ros'
[0.581s] Level 1:colcon.colcon_core.package_identification:_identify(.) by extensions ['cmake', 'python']
[0.581s] Level 1:colcon.colcon_core.package_identification:_identify(.) by extension 'cmake'
[0.581s] Level 1:colcon.colcon_core.package_identification:_identify(.) by extension 'python'
[0.581s] Level 1:colcon.colcon_core.package_identification:_identify(.) by extensions ['python_setup_py']
[0.581s] Level 1:colcon.colcon_core.package_identification:_identify(.) by extension 'python_setup_py'
[0.582s] Level 1:colcon.colcon_core.package_identification:_identify(build) by extensions ['ignore', 'ignore_ament_install']
[0.582s] Level 1:colcon.colcon_core.package_identification:_identify(build) by extension 'ignore'
[0.582s] Level 1:colcon.colcon_core.package_identification:_identify(build) ignored
[0.582s] Level 1:colcon.colcon_core.package_identification:_identify(install) by extensions ['ignore', 'ignore_ament_install']
[0.583s] Level 1:colcon.colcon_core.package_identification:_identify(install) by extension 'ignore'
[0.583s] Level 1:colcon.colcon_core.package_identification:_identify(install) ignored
[0.583s] Level 1:colcon.colcon_core.package_identification:_identify(log) by extensions ['ignore', 'ignore_ament_install']
[0.584s] Level 1:colcon.colcon_core.package_identification:_identify(log) by extension 'ignore'
[0.584s] Level 1:colcon.colcon_core.package_identification:_identify(log) ignored
[0.584s] Level 1:colcon.colcon_core.package_identification:_identify(src) by extensions ['ignore', 'ignore_ament_install']
[0.585s] Level 1:colcon.colcon_core.package_identification:_identify(src) by extension 'ignore'
[0.585s] Level 1:colcon.colcon_core.package_identification:_identify(src) by extension 'ignore_ament_install'
[0.585s] Level 1:colcon.colcon_core.package_identification:_identify(src) by extensions ['colcon_pkg']
[0.585s] Level 1:colcon.colcon_core.package_identification:_identify(src) by extension 'colcon_pkg'
[0.585s] Level 1:colcon.colcon_core.package_identification:_identify(src) by extensions ['colcon_meta']
[0.585s] Level 1:colcon.colcon_core.package_identification:_identify(src) by extension 'colcon_meta'
[0.585s] Level 1:colcon.colcon_core.package_identification:_identify(src) by extensions ['ros']
[0.586s] Level 1:colcon.colcon_core.package_identification:_identify(src) by extension 'ros'
[0.586s] Level 1:colcon.colcon_core.package_identification:_identify(src) by extensions ['cmake', 'python']
[0.586s] Level 1:colcon.colcon_core.package_identification:_identify(src) by extension 'cmake'
[0.586s] Level 1:colcon.colcon_core.package_identification:_identify(src) by extension 'python'
[0.586s] Level 1:colcon.colcon_core.package_identification:_identify(src) by extensions ['python_setup_py']
[0.586s] Level 1:colcon.colcon_core.package_identification:_identify(src) by extension 'python_setup_py'
[0.586s] Level 1:colcon.colcon_core.package_identification:_identify(src/map_explorer) by extensions ['ignore', 'ignore_ament_install']
[0.587s] Level 1:colcon.colcon_core.package_identification:_identify(src/map_explorer) by extension 'ignore'
[0.587s] Level 1:colcon.colcon_core.package_identification:_identify(src/map_explorer) by extension 'ignore_ament_install'
[0.587s] Level 1:colcon.colcon_core.package_identification:_identify(src/map_explorer) by extensions ['colcon_pkg']
[0.587s] Level 1:colcon.colcon_core.package_identification:_identify(src/map_explorer) by extension 'colcon_pkg'
[0.587s] Level 1:colcon.colcon_core.package_identification:_identify(src/map_explorer) by extensions ['colcon_meta']
[0.587s] Level 1:colcon.colcon_core.package_identification:_identify(src/map_explorer) by extension 'colcon_meta'
[0.587s] Level 1:colcon.colcon_core.package_identification:_identify(src/map_explorer) by extensions ['ros']
[0.588s] Level 1:colcon.colcon_core.package_identification:_identify(src/map_explorer) by extension 'ros'
[0.594s] DEBUG:colcon.colcon_core.package_identification:Package 'src/map_explorer' with type 'ros.ament_python' and name 'map_explorer'
[0.594s] Level 1:colcon.colcon_core.package_identification:_identify(src/waypoint_commander) by extensions ['ignore', 'ignore_ament_install']
[0.594s] Level 1:colcon.colcon_core.package_identification:_identify(src/waypoint_commander) by extension 'ignore'
[0.594s] Level 1:colcon.colcon_core.package_identification:_identify(src/waypoint_commander) by extension 'ignore_ament_install'
[0.594s] Level 1:colcon.colcon_core.package_identification:_identify(src/waypoint_commander) by extensions ['colcon_pkg']
[0.595s] Level 1:colcon.colcon_core.package_identification:_identify(src/waypoint_commander) by extension 'colcon_pkg'
[0.595s] Level 1:colcon.colcon_core.package_identification:_identify(src/waypoint_commander) by extensions ['colcon_meta']
[0.595s] Level 1:colcon.colcon_core.package_identification:_identify(src/waypoint_commander) by extension 'colcon_meta'
[0.595s] Level 1:colcon.colcon_core.package_identification:_identify(src/waypoint_commander) by extensions ['ros']
[0.596s] Level 1:colcon.colcon_core.package_identification:_identify(src/waypoint_commander) by extension 'ros'
[0.598s] DEBUG:colcon.colcon_core.package_identification:Package 'src/waypoint_commander' with type 'ros.ament_python' and name 'waypoint_commander'
[0.598s] Level 1:colcon.colcon_core.package_discovery:discover_packages(recursive) using defaults
[0.599s] Level 1:colcon.colcon_core.package_discovery:discover_packages(ignore) discover
[0.599s] Level 1:colcon.colcon_core.package_discovery:discover_packages(ignore) using defaults
[0.599s] Level 1:colcon.colcon_core.package_discovery:discover_packages(path) discover
[0.599s] Level 1:colcon.colcon_core.package_discovery:discover_packages(path) using defaults
[0.647s] INFO:colcon.colcon_core.package_selection:Skipping not selected package 'waypoint_commander' in 'src/waypoint_commander'
[0.647s] Level 1:colcon.colcon_core.package_discovery:discover_packages(prefix_path) check parameters
[0.648s] Level 1:colcon.colcon_core.package_discovery:discover_packages(prefix_path) discover
[0.652s] DEBUG:colcon.colcon_installed_package_information.package_discovery:Found 3 installed packages in /home/brog/metr4202/metr4202_ws/install
[0.653s] DEBUG:colcon.colcon_installed_package_information.package_discovery:Found 15 installed packages in /home/brog/metr4202/turtlebot3_ws/install
[0.657s] DEBUG:colcon.colcon_installed_package_information.package_discovery:Found 363 installed packages in /opt/ros/humble
[0.680s] Level 1:colcon.colcon_core.package_discovery:discover_packages(prefix_path) using defaults
[0.777s] Level 5:colcon.colcon_core.verb:set package 'map_explorer' build argument 'cmake_args' from command line to 'None'
[0.778s] Level 5:colcon.colcon_core.verb:set package 'map_explorer' build argument 'cmake_target' from command line to 'None'
[0.778s] Level 5:colcon.colcon_core.verb:set package 'map_explorer' build argument 'cmake_target_skip_unavailable' from command line to 'False'
[0.778s] Level 5:colcon.colcon_core.verb:set package 'map_explorer' build argument 'cmake_clean_cache' from command line to 'False'
[0.778s] Level 5:colcon.colcon_core.verb:set package 'map_explorer' build argument 'cmake_clean_first' from command line to 'False'
[0.778s] Level 5:colcon.colcon_core.verb:set package 'map_explorer' build argument 'cmake_force_configure' from command line to 'False'
[0.778s] Level 5:colcon.colcon_core.verb:set package 'map_explorer' build argument 'ament_cmake_args' from command line to 'None'
[0.778s] Level 5:colcon.colcon_core.verb:set package 'map_explorer' build argument 'catkin_cmake_args' from command line to 'None'
[0.778s] Level 5:colcon.colcon_core.verb:set package 'map_explorer' build argument 'catkin_skip_building_tests' from command line to 'False'
[0.778s] DEBUG:colcon.colcon_core.verb:Building package 'map_explorer' with the following arguments: {'ament_cmake_args': None, 'build_base': '/home/brog/metr4202/metr4202_ws/build/map_explorer', 'catkin_cmake_args': None, 'catkin_skip_building_tests': False, 'cmake_args': None, 'cmake_clean_cache': False, 'cmake_clean_first': False, 'cmake_force_configure': False, 'cmake_target': None, 'cmake_target_skip_unavailable': False, 'install_base': '/home/brog/metr4202/metr4202_ws/install/map_explorer', 'merge_install': False, 'path': '/home/brog/metr4202/metr4202_ws/src/map_explorer', 'symlink_install': True, 'test_result_base': None}
[0.778s] INFO:colcon.colcon_core.executor:Executing jobs using 'parallel' executor
[0.780s] DEBUG:colcon.colcon_parallel_executor.executor.parallel:run_until_complete
[0.780s] INFO:colcon.colcon_ros.task.ament_python.build:Building ROS package in '/home/brog/metr4202/metr4202_ws/src/map_explorer' with build type 'ament_python'
[0.780s] Level 1:colcon.colcon_core.shell:create_environment_hook('map_explorer', 'ament_prefix_path')
[0.785s] INFO:colcon.colcon_core.plugin_system:Skipping extension 'colcon_core.shell.bat': Not used on non-Windows systems
[0.786s] INFO:colcon.colcon_core.shell:Creating environment hook '/home/brog/metr4202/metr4202_ws/install/map_explorer/share/map_explorer/hook/ament_prefix_path.ps1'
[0.788s] INFO:colcon.colcon_core.shell:Creating environment descriptor '/home/brog/metr4202/metr4202_ws/install/map_explorer/share/map_explorer/hook/ament_prefix_path.dsv'
[0.791s] INFO:colcon.colcon_core.shell:Creating environment hook '/home/brog/metr4202/metr4202_ws/install/map_explorer/share/map_explorer/hook/ament_prefix_path.sh'
[0.794s] INFO:colcon.colcon_core.shell:Skip shell extension 'powershell' for command environment: Not usable outside of PowerShell
[0.794s] DEBUG:colcon.colcon_core.shell:Skip shell extension 'dsv' for command environment
[1.387s] INFO:colcon.colcon_core.task.python.build:Building Python package in '/home/brog/metr4202/metr4202_ws/src/map_explorer'
[1.388s] INFO:colcon.colcon_core.shell:Skip shell extension 'powershell' for command environment: Not usable outside of PowerShell
[1.388s] DEBUG:colcon.colcon_core.shell:Skip shell extension 'dsv' for command environment
[2.217s] DEBUG:colcon.colcon_core.event_handler.log_command:Invoking command in '/home/brog/metr4202/metr4202_ws/build/map_explorer': PYTHONPATH=/home/brog/metr4202/metr4202_ws/build/map_explorer/prefix_override:/usr/lib/python3/dist-packages/colcon_core/task/python/colcon_distutils_commands:/home/brog/metr4202/metr4202_ws/install/map_explorer/lib/python3.10/site-packages:${PYTHONPATH} WSLENV=ELECTRON_RUN_AS_NODE/w:WT_SESSION:WT_PROFILE_ID: /usr/bin/python3 -W ignore:setup.py install is deprecated setup.py develop --editable --build-directory /home/brog/metr4202/metr4202_ws/build/map_explorer/build --no-deps symlink_data
[3.187s] Level 1:colcon.colcon_core.shell:create_environment_hook('map_explorer', 'pythonpath_develop')
[3.188s] INFO:colcon.colcon_core.shell:Creating environment hook '/home/brog/metr4202/metr4202_ws/build/map_explorer/share/map_explorer/hook/pythonpath_develop.ps1'
[3.189s] DEBUG:colcon.colcon_core.event_handler.log_command:Invoked command in '/home/brog/metr4202/metr4202_ws/build/map_explorer' returned '0': PYTHONPATH=/home/brog/metr4202/metr4202_ws/build/map_explorer/prefix_override:/usr/lib/python3/dist-packages/colcon_core/task/python/colcon_distutils_commands:/home/brog/metr4202/metr4202_ws/install/map_explorer/lib/python3.10/site-packages:${PYTHONPATH} WSLENV=ELECTRON_RUN_AS_NODE/w:WT_SESSION:WT_PROFILE_ID: /usr/bin/python3 -W ignore:setup.py install is deprecated setup.py develop --editable --build-directory /home/brog/metr4202/metr4202_ws/build/map_explorer/build --no-deps symlink_data
[3.190s] INFO:colcon.colcon_core.shell:Creating environment descriptor '/home/brog/metr4202/metr4202_ws/build/map_explorer/share/map_explorer/hook/pythonpath_develop.dsv'
[3.191s] INFO:colcon.colcon_core.shell:Creating environment hook '/home/brog/metr4202/metr4202_ws/build/map_explorer/share/map_explorer/hook/pythonpath_develop.sh'
[3.197s] Level 1:colcon.colcon_core.environment:checking '/home/brog/metr4202/metr4202_ws/install/map_explorer' for CMake module files
[3.198s] Level 1:colcon.colcon_core.environment:checking '/home/brog/metr4202/metr4202_ws/install/map_explorer' for CMake config files
[3.200s] Level 1:colcon.colcon_core.environment:checking '/home/brog/metr4202/metr4202_ws/install/map_explorer/lib'
[3.200s] Level 1:colcon.colcon_core.environment:checking '/home/brog/metr4202/metr4202_ws/install/map_explorer/bin'
[3.201s] Level 1:colcon.colcon_core.environment:checking '/home/brog/metr4202/metr4202_ws/install/map_explorer/lib/pkgconfig/map_explorer.pc'
[3.202s] Level 1:colcon.colcon_core.environment:checking '/home/brog/metr4202/metr4202_ws/install/map_explorer/lib/python3.10/site-packages'
[3.202s] Level 1:colcon.colcon_core.shell:create_environment_hook('map_explorer', 'pythonpath')
[3.202s] INFO:colcon.colcon_core.shell:Creating environment hook '/home/brog/metr4202/metr4202_ws/install/map_explorer/share/map_explorer/hook/pythonpath.ps1'
[3.203s] INFO:colcon.colcon_core.shell:Creating environment descriptor '/home/brog/metr4202/metr4202_ws/install/map_explorer/share/map_explorer/hook/pythonpath.dsv'
[3.206s] INFO:colcon.colcon_core.shell:Creating environment hook '/home/brog/metr4202/metr4202_ws/install/map_explorer/share/map_explorer/hook/pythonpath.sh'
[3.207s] Level 1:colcon.colcon_core.environment:checking '/home/brog/metr4202/metr4202_ws/install/map_explorer/bin'
[3.207s] Level 1:colcon.colcon_core.environment:create_environment_scripts_only(map_explorer)
[3.209s] INFO:colcon.colcon_core.shell:Creating package script '/home/brog/metr4202/metr4202_ws/install/map_explorer/share/map_explorer/package.ps1'
[3.212s] INFO:colcon.colcon_core.shell:Creating package descriptor '/home/brog/metr4202/metr4202_ws/install/map_explorer/share/map_explorer/package.dsv'
[3.214s] INFO:colcon.colcon_core.shell:Creating package script '/home/brog/metr4202/metr4202_ws/install/map_explorer/share/map_explorer/package.sh'
[3.216s] INFO:colcon.colcon_core.shell:Creating package script '/home/brog/metr4202/metr4202_ws/install/map_explorer/share/map_explorer/package.bash'
[3.218s] INFO:colcon.colcon_core.shell:Creating package script '/home/brog/metr4202/metr4202_ws/install/map_explorer/share/map_explorer/package.zsh'
[3.219s] Level 1:colcon.colcon_core.environment:create_file_with_runtime_dependencies(/home/brog/metr4202/metr4202_ws/install/map_explorer/share/colcon-core/packages/map_explorer)
[3.220s] DEBUG:colcon.colcon_parallel_executor.executor.parallel:closing loop
[3.221s] DEBUG:colcon.colcon_parallel_executor.executor.parallel:loop closed
[3.221s] DEBUG:colcon.colcon_parallel_executor.executor.parallel:run_until_complete finished with '0'
[3.222s] DEBUG:colcon.colcon_core.event_reactor:joining thread
[3.271s] INFO:colcon.colcon_core.plugin_system:Skipping extension 'colcon_notification.desktop_notification.notify_send': Could not find 'notify-send'
[3.271s] INFO:colcon.colcon_core.plugin_system:Skipping extension 'colcon_notification.desktop_notification.terminal_notifier': Not used on non-Darwin systems
[3.271s] INFO:colcon.colcon_core.plugin_system:Skipping extension 'colcon_notification.desktop_notification.win32': Not used on non-Windows systems
[3.271s] INFO:colcon.colcon_notification.desktop_notification:Sending desktop notification using 'notify2'
[3.272s] DEBUG:colcon.colcon_notification.desktop_notification.notify2:Failed to initialize notify2: org.freedesktop.DBus.Error.FileNotFound: Failed to connect to socket /run/user/1000/bus: No such file or directory
[3.272s] DEBUG:colcon.colcon_core.event_reactor:joined thread
[3.273s] INFO:colcon.colcon_core.shell:Creating prefix script '/home/brog/metr4202/metr4202_ws/install/local_setup.ps1'
[3.275s] INFO:colcon.colcon_core.shell:Creating prefix util module '/home/brog/metr4202/metr4202_ws/install/_local_setup_util_ps1.py'
[3.277s] INFO:colcon.colcon_core.shell:Creating prefix chain script '/home/brog/metr4202/metr4202_ws/install/setup.ps1'
[3.280s] INFO:colcon.colcon_core.shell:Creating prefix script '/home/brog/metr4202/metr4202_ws/install/local_setup.sh'
[3.281s] INFO:colcon.colcon_core.shell:Creating prefix util module '/home/brog/metr4202/metr4202_ws/install/_local_setup_util_sh.py'
[3.282s] INFO:colcon.colcon_core.shell:Creating prefix chain script '/home/brog/metr4202/metr4202_ws/install/setup.sh'
[3.286s] INFO:colcon.colcon_core.shell:Creating prefix script '/home/brog/metr4202/metr4202_ws/install/local_setup.bash'
[3.288s] INFO:colcon.colcon_core.shell:Creating prefix chain script '/home/brog/metr4202/metr4202_ws/install/setup.bash'
[3.293s] INFO:colcon.colcon_core.shell:Creating prefix script '/home/brog/metr4202/metr4202_ws/install/local_setup.zsh'
[3.294s] INFO:colcon.colcon_core.shell:Creating prefix chain script '/home/brog/metr4202/metr4202_ws/install/setup.zsh'
