[0.109s] DEBUG:colcon:Command line arguments: ['/usr/bin/colcon', 'build', '--symlink-install', '--packages-select', 'map_explorer']
[0.109s] DEBUG:colcon:Parsed command line arguments: Namespace(log_base=None, log_level=None, verb_name='build', build_base='build', install_base='install', merge_install=False, symlink_install=True, test_result_base=None, continue_on_error=False, executor='parallel', parallel_workers=8, event_handlers=None, ignore_user_meta=False, metas=['./colcon.meta'], base_paths=['.'], packages_ignore=None, packages_ignore_regex=None, paths=None, packages_up_to=None, packages_up_to_regex=None, packages_above=None, packages_above_and_dependencies=None, packages_above_depth=None, packages_select_by_dep=None, packages_skip_by_dep=None, packages_skip_up_to=None, packages_select_build_failed=False, packages_skip_build_finished=False, packages_select_test_failures=False, packages_skip_test_passed=False, packages_select=['map_explorer'], packages_skip=None, packages_select_regex=None, packages_skip_regex=None, packages_start=None, packages_end=None, allow_overriding=[], cmake_args=None, cmake_target=None, cmake_target_skip_unavailable=False, cmake_clean_cache=False, cmake_clean_first=False, cmake_force_configure=False, ament_cmake_args=None, catkin_cmake_args=None, catkin_skip_building_tests=False, mixin_files=None, mixin=None, verb_parser=<colcon_mixin.mixin.mixin_argument.MixinArgumentDecorator object at 0x7ffa9fd3e8c0>, verb_extension=<colcon_core.verb.build.BuildVerb object at 0x7ffa9fd3e320>, main=<bound method BuildVerb.main of <colcon_core.verb.build.BuildVerb object at 0x7ffa9fd3e320>>, mixin_verb=('build',))
[0.206s] Level 1:colcon.colcon_core.package_discovery:discover_packages(colcon_meta) check parameters
[0.206s] Level 1:colcon.colcon_core.package_discovery:discover_packages(recursive) check parameters
[0.206s] Level 1:colcon.colcon_core.package_discovery:discover_packages(ignore) check parameters
[0.206s] Level 1:colcon.colcon_core.package_discovery:discover_packages(path) check parameters
[0.206s] Level 1:colcon.colcon_core.package_discovery:discover_packages(colcon_meta) discover
[0.206s] Level 1:colcon.colcon_core.package_discovery:discover_packages(recursive) discover
[0.206s] INFO:colcon.colcon_core.package_discovery:Crawling recursively for packages in '/home/brog/metr4202/metr4202_ws'
[0.206s] Level 1:colcon.colcon_core.package_identification:_identify(.) by extensions ['ignore', 'ignore_ament_install']
[0.206s] Level 1:colcon.colcon_core.package_identification:_identify(.) by extension 'ignore'
[0.206s] Level 1:colcon.colcon_core.package_identification:_identify(.) by extension 'ignore_ament_install'
[0.207s] Level 1:colcon.colcon_core.package_identification:_identify(.) by extensions ['colcon_pkg']
[0.207s] Level 1:colcon.colcon_core.package_identification:_identify(.) by extension 'colcon_pkg'
[0.207s] Level 1:colcon.colcon_core.package_identification:_identify(.) by extensions ['colcon_meta']
[0.207s] Level 1:colcon.colcon_core.package_identification:_identify(.) by extension 'colcon_meta'
[0.207s] Level 1:colcon.colcon_core.package_identification:_identify(.) by extensions ['ros']
[0.207s] Level 1:colcon.colcon_core.package_identification:_identify(.) by extension 'ros'
[0.214s] Level 1:colcon.colcon_core.package_identification:_identify(.) by extensions ['cmake', 'python']
[0.214s] Level 1:colcon.colcon_core.package_identification:_identify(.) by extension 'cmake'
[0.214s] Level 1:colcon.colcon_core.package_identification:_identify(.) by extension 'python'
[0.214s] Level 1:colcon.colcon_core.package_identification:_identify(.) by extensions ['python_setup_py']
[0.214s] Level 1:colcon.colcon_core.package_identification:_identify(.) by extension 'python_setup_py'
[0.214s] Level 1:colcon.colcon_core.package_identification:_identify(build) by extensions ['ignore', 'ignore_ament_install']
[0.214s] Level 1:colcon.colcon_core.package_identification:_identify(build) by extension 'ignore'
[0.214s] Level 1:colcon.colcon_core.package_identification:_identify(build) ignored
[0.214s] Level 1:colcon.colcon_core.package_identification:_identify(install) by extensions ['ignore', 'ignore_ament_install']
[0.214s] Level 1:colcon.colcon_core.package_identification:_identify(install) by extension 'ignore'
[0.214s] Level 1:colcon.colcon_core.package_identification:_identify(install) ignored
[0.214s] Level 1:colcon.colcon_core.package_identification:_identify(log) by extensions ['ignore', 'ignore_ament_install']
[0.214s] Level 1:colcon.colcon_core.package_identification:_identify(log) by extension 'ignore'
[0.214s] Level 1:colcon.colcon_core.package_identification:_identify(log) ignored
[0.214s] Level 1:colcon.colcon_core.package_identification:_identify(src) by extensions ['ignore', 'ignore_ament_install']
[0.214s] Level 1:colcon.colcon_core.package_identification:_identify(src) by extension 'ignore'
[0.214s] Level 1:colcon.colcon_core.package_identification:_identify(src) by extension 'ignore_ament_install'
[0.214s] Level 1:colcon.colcon_core.package_identification:_identify(src) by extensions ['colcon_pkg']
[0.215s] Level 1:colcon.colcon_core.package_identification:_identify(src) by extension 'colcon_pkg'
[0.215s] Level 1:colcon.colcon_core.package_identification:_identify(src) by extensions ['colcon_meta']
[0.215s] Level 1:colcon.colcon_core.package_identification:_identify(src) by extension 'colcon_meta'
[0.215s] Level 1:colcon.colcon_core.package_identification:_identify(src) by extensions ['ros']
[0.215s] Level 1:colcon.colcon_core.package_identification:_identify(src) by extension 'ros'
[0.215s] Level 1:colcon.colcon_core.package_identification:_identify(src) by extensions ['cmake', 'python']
[0.215s] Level 1:colcon.colcon_core.package_identification:_identify(src) by extension 'cmake'
[0.215s] Level 1:colcon.colcon_core.package_identification:_identify(src) by extension 'python'
[0.215s] Level 1:colcon.colcon_core.package_identification:_identify(src) by extensions ['python_setup_py']
[0.215s] Level 1:colcon.colcon_core.package_identification:_identify(src) by extension 'python_setup_py'
[0.215s] Level 1:colcon.colcon_core.package_identification:_identify(src/map_explorer) by extensions ['ignore', 'ignore_ament_install']
[0.215s] Level 1:colcon.colcon_core.package_identification:_identify(src/map_explorer) by extension 'ignore'
[0.215s] Level 1:colcon.colcon_core.package_identification:_identify(src/map_explorer) by extension 'ignore_ament_install'
[0.215s] Level 1:colcon.colcon_core.package_identification:_identify(src/map_explorer) by extensions ['colcon_pkg']
[0.215s] Level 1:colcon.colcon_core.package_identification:_identify(src/map_explorer) by extension 'colcon_pkg'
[0.215s] Level 1:colcon.colcon_core.package_identification:_identify(src/map_explorer) by extensions ['colcon_meta']
[0.215s] Level 1:colcon.colcon_core.package_identification:_identify(src/map_explorer) by extension 'colcon_meta'
[0.215s] Level 1:colcon.colcon_core.package_identification:_identify(src/map_explorer) by extensions ['ros']
[0.215s] Level 1:colcon.colcon_core.package_identification:_identify(src/map_explorer) by extension 'ros'
[0.217s] DEBUG:colcon.colcon_core.package_identification:Package 'src/map_explorer' with type 'ros.ament_python' and name 'map_explorer'
[0.217s] Level 1:colcon.colcon_core.package_identification:_identify(src/waypoint_commander) by extensions ['ignore', 'ignore_ament_install']
[0.217s] Level 1:colcon.colcon_core.package_identification:_identify(src/waypoint_commander) by extension 'ignore'
[0.217s] Level 1:colcon.colcon_core.package_identification:_identify(src/waypoint_commander) by extension 'ignore_ament_install'
[0.217s] Level 1:colcon.colcon_core.package_identification:_identify(src/waypoint_commander) by extensions ['colcon_pkg']
[0.217s] Level 1:colcon.colcon_core.package_identification:_identify(src/waypoint_commander) by extension 'colcon_pkg'
[0.217s] Level 1:colcon.colcon_core.package_identification:_identify(src/waypoint_commander) by extensions ['colcon_meta']
[0.217s] Level 1:colcon.colcon_core.package_identification:_identify(src/waypoint_commander) by extension 'colcon_meta'
[0.217s] Level 1:colcon.colcon_core.package_identification:_identify(src/waypoint_commander) by extensions ['ros']
[0.217s] Level 1:colcon.colcon_core.package_identification:_identify(src/waypoint_commander) by extension 'ros'
[0.218s] DEBUG:colcon.colcon_core.package_identification:Package 'src/waypoint_commander' with type 'ros.ament_python' and name 'waypoint_commander'
[0.218s] Level 1:colcon.colcon_core.package_discovery:discover_packages(recursive) using defaults
[0.218s] Level 1:colcon.colcon_core.package_discovery:discover_packages(ignore) discover
[0.218s] Level 1:colcon.colcon_core.package_discovery:discover_packages(ignore) using defaults
[0.218s] Level 1:colcon.colcon_core.package_discovery:discover_packages(path) discover
[0.218s] Level 1:colcon.colcon_core.package_discovery:discover_packages(path) using defaults
[0.230s] INFO:colcon.colcon_core.package_selection:Skipping not selected package 'waypoint_commander' in 'src/waypoint_commander'
[0.231s] Level 1:colcon.colcon_core.package_discovery:discover_packages(prefix_path) check parameters
[0.231s] Level 1:colcon.colcon_core.package_discovery:discover_packages(prefix_path) discover
[0.232s] DEBUG:colcon.colcon_installed_package_information.package_discovery:Found 3 installed packages in /home/brog/metr4202/metr4202_ws/install
[0.232s] DEBUG:colcon.colcon_installed_package_information.package_discovery:Found 15 installed packages in /home/brog/metr4202/turtlebot3_ws/install
[0.233s] DEBUG:colcon.colcon_installed_package_information.package_discovery:Found 363 installed packages in /opt/ros/humble
[0.243s] Level 1:colcon.colcon_core.package_discovery:discover_packages(prefix_path) using defaults
[0.279s] Level 5:colcon.colcon_core.verb:set package 'map_explorer' build argument 'cmake_args' from command line to 'None'
[0.279s] Level 5:colcon.colcon_core.verb:set package 'map_explorer' build argument 'cmake_target' from command line to 'None'
[0.279s] Level 5:colcon.colcon_core.verb:set package 'map_explorer' build argument 'cmake_target_skip_unavailable' from command line to 'False'
[0.279s] Level 5:colcon.colcon_core.verb:set package 'map_explorer' build argument 'cmake_clean_cache' from command line to 'False'
[0.279s] Level 5:colcon.colcon_core.verb:set package 'map_explorer' build argument 'cmake_clean_first' from command line to 'False'
[0.279s] Level 5:colcon.colcon_core.verb:set package 'map_explorer' build argument 'cmake_force_configure' from command line to 'False'
[0.279s] Level 5:colcon.colcon_core.verb:set package 'map_explorer' build argument 'ament_cmake_args' from command line to 'None'
[0.279s] Level 5:colcon.colcon_core.verb:set package 'map_explorer' build argument 'catkin_cmake_args' from command line to 'None'
[0.279s] Level 5:colcon.colcon_core.verb:set package 'map_explorer' build argument 'catkin_skip_building_tests' from command line to 'False'
[0.279s] DEBUG:colcon.colcon_core.verb:Building package 'map_explorer' with the following arguments: {'ament_cmake_args': None, 'build_base': '/home/brog/metr4202/metr4202_ws/build/map_explorer', 'catkin_cmake_args': None, 'catkin_skip_building_tests': False, 'cmake_args': None, 'cmake_clean_cache': False, 'cmake_clean_first': False, 'cmake_force_configure': False, 'cmake_target': None, 'cmake_target_skip_unavailable': False, 'install_base': '/home/brog/metr4202/metr4202_ws/install/map_explorer', 'merge_install': False, 'path': '/home/brog/metr4202/metr4202_ws/src/map_explorer', 'symlink_install': True, 'test_result_base': None}
[0.279s] INFO:colcon.colcon_core.executor:Executing jobs using 'parallel' executor
[0.280s] DEBUG:colcon.colcon_parallel_executor.executor.parallel:run_until_complete
[0.281s] INFO:colcon.colcon_ros.task.ament_python.build:Building ROS package in '/home/brog/metr4202/metr4202_ws/src/map_explorer' with build type 'ament_python'
[0.281s] Level 1:colcon.colcon_core.shell:create_environment_hook('map_explorer', 'ament_prefix_path')
[0.283s] INFO:colcon.colcon_core.plugin_system:Skipping extension 'colcon_core.shell.bat': Not used on non-Windows systems
[0.283s] INFO:colcon.colcon_core.shell:Creating environment hook '/home/brog/metr4202/metr4202_ws/install/map_explorer/share/map_explorer/hook/ament_prefix_path.ps1'
[0.283s] INFO:colcon.colcon_core.shell:Creating environment descriptor '/home/brog/metr4202/metr4202_ws/install/map_explorer/share/map_explorer/hook/ament_prefix_path.dsv'
[0.284s] INFO:colcon.colcon_core.shell:Creating environment hook '/home/brog/metr4202/metr4202_ws/install/map_explorer/share/map_explorer/hook/ament_prefix_path.sh'
[0.285s] INFO:colcon.colcon_core.shell:Skip shell extension 'powershell' for command environment: Not usable outside of PowerShell
[0.285s] DEBUG:colcon.colcon_core.shell:Skip shell extension 'dsv' for command environment
[0.478s] INFO:colcon.colcon_core.task.python.build:Building Python package in '/home/brog/metr4202/metr4202_ws/src/map_explorer'
[0.478s] INFO:colcon.colcon_core.shell:Skip shell extension 'powershell' for command environment: Not usable outside of PowerShell
[0.478s] DEBUG:colcon.colcon_core.shell:Skip shell extension 'dsv' for command environment
[0.750s] DEBUG:colcon.colcon_core.event_handler.log_command:Invoking command in '/home/brog/metr4202/metr4202_ws/build/map_explorer': PYTHONPATH=/home/brog/metr4202/metr4202_ws/build/map_explorer/prefix_override:/usr/lib/python3/dist-packages/colcon_core/task/python/colcon_distutils_commands:/home/brog/metr4202/metr4202_ws/install/map_explorer/lib/python3.10/site-packages:${PYTHONPATH} /usr/bin/python3 -W ignore:setup.py install is deprecated setup.py develop --editable --build-directory /home/brog/metr4202/metr4202_ws/build/map_explorer/build --no-deps symlink_data
[1.072s] Level 1:colcon.colcon_core.shell:create_environment_hook('map_explorer', 'pythonpath_develop')
[1.072s] DEBUG:colcon.colcon_core.event_handler.log_command:Invoked command in '/home/brog/metr4202/metr4202_ws/build/map_explorer' returned '0': PYTHONPATH=/home/brog/metr4202/metr4202_ws/build/map_explorer/prefix_override:/usr/lib/python3/dist-packages/colcon_core/task/python/colcon_distutils_commands:/home/brog/metr4202/metr4202_ws/install/map_explorer/lib/python3.10/site-packages:${PYTHONPATH} /usr/bin/python3 -W ignore:setup.py install is deprecated setup.py develop --editable --build-directory /home/brog/metr4202/metr4202_ws/build/map_explorer/build --no-deps symlink_data
[1.072s] INFO:colcon.colcon_core.shell:Creating environment hook '/home/brog/metr4202/metr4202_ws/build/map_explorer/share/map_explorer/hook/pythonpath_develop.ps1'
[1.073s] INFO:colcon.colcon_core.shell:Creating environment descriptor '/home/brog/metr4202/metr4202_ws/build/map_explorer/share/map_explorer/hook/pythonpath_develop.dsv'
[1.073s] INFO:colcon.colcon_core.shell:Creating environment hook '/home/brog/metr4202/metr4202_ws/build/map_explorer/share/map_explorer/hook/pythonpath_develop.sh'
[1.075s] Level 1:colcon.colcon_core.environment:checking '/home/brog/metr4202/metr4202_ws/install/map_explorer' for CMake module files
[1.075s] Level 1:colcon.colcon_core.environment:checking '/home/brog/metr4202/metr4202_ws/install/map_explorer' for CMake config files
[1.076s] Level 1:colcon.colcon_core.environment:checking '/home/brog/metr4202/metr4202_ws/install/map_explorer/lib'
[1.076s] Level 1:colcon.colcon_core.environment:checking '/home/brog/metr4202/metr4202_ws/install/map_explorer/bin'
[1.076s] Level 1:colcon.colcon_core.environment:checking '/home/brog/metr4202/metr4202_ws/install/map_explorer/lib/pkgconfig/map_explorer.pc'
[1.076s] Level 1:colcon.colcon_core.environment:checking '/home/brog/metr4202/metr4202_ws/install/map_explorer/lib/python3.10/site-packages'
[1.076s] Level 1:colcon.colcon_core.shell:create_environment_hook('map_explorer', 'pythonpath')
[1.076s] INFO:colcon.colcon_core.shell:Creating environment hook '/home/brog/metr4202/metr4202_ws/install/map_explorer/share/map_explorer/hook/pythonpath.ps1'
[1.076s] INFO:colcon.colcon_core.shell:Creating environment descriptor '/home/brog/metr4202/metr4202_ws/install/map_explorer/share/map_explorer/hook/pythonpath.dsv'
[1.077s] INFO:colcon.colcon_core.shell:Creating environment hook '/home/brog/metr4202/metr4202_ws/install/map_explorer/share/map_explorer/hook/pythonpath.sh'
[1.077s] Level 1:colcon.colcon_core.environment:checking '/home/brog/metr4202/metr4202_ws/install/map_explorer/bin'
[1.077s] Level 1:colcon.colcon_core.environment:create_environment_scripts_only(map_explorer)
[1.077s] INFO:colcon.colcon_core.shell:Creating package script '/home/brog/metr4202/metr4202_ws/install/map_explorer/share/map_explorer/package.ps1'
[1.078s] INFO:colcon.colcon_core.shell:Creating package descriptor '/home/brog/metr4202/metr4202_ws/install/map_explorer/share/map_explorer/package.dsv'
[1.078s] INFO:colcon.colcon_core.shell:Creating package script '/home/brog/metr4202/metr4202_ws/install/map_explorer/share/map_explorer/package.sh'
[1.078s] INFO:colcon.colcon_core.shell:Creating package script '/home/brog/metr4202/metr4202_ws/install/map_explorer/share/map_explorer/package.bash'
[1.079s] INFO:colcon.colcon_core.shell:Creating package script '/home/brog/metr4202/metr4202_ws/install/map_explorer/share/map_explorer/package.zsh'
[1.079s] Level 1:colcon.colcon_core.environment:create_file_with_runtime_dependencies(/home/brog/metr4202/metr4202_ws/install/map_explorer/share/colcon-core/packages/map_explorer)
[1.079s] DEBUG:colcon.colcon_parallel_executor.executor.parallel:closing loop
[1.080s] DEBUG:colcon.colcon_parallel_executor.executor.parallel:loop closed
[1.080s] DEBUG:colcon.colcon_parallel_executor.executor.parallel:run_until_complete finished with '0'
[1.080s] DEBUG:colcon.colcon_core.event_reactor:joining thread
[1.102s] INFO:colcon.colcon_core.plugin_system:Skipping extension 'colcon_notification.desktop_notification.notify_send': Could not find 'notify-send'
[1.102s] INFO:colcon.colcon_core.plugin_system:Skipping extension 'colcon_notification.desktop_notification.terminal_notifier': Not used on non-Darwin systems
[1.102s] INFO:colcon.colcon_core.plugin_system:Skipping extension 'colcon_notification.desktop_notification.win32': Not used on non-Windows systems
[1.102s] INFO:colcon.colcon_notification.desktop_notification:Sending desktop notification using 'notify2'
[1.102s] DEBUG:colcon.colcon_notification.desktop_notification.notify2:Failed to initialize notify2: org.freedesktop.DBus.Error.FileNotFound: Failed to connect to socket /run/user/1000/bus: No such file or directory
[1.103s] DEBUG:colcon.colcon_core.event_reactor:joined thread
[1.103s] INFO:colcon.colcon_core.shell:Creating prefix script '/home/brog/metr4202/metr4202_ws/install/local_setup.ps1'
[1.104s] INFO:colcon.colcon_core.shell:Creating prefix util module '/home/brog/metr4202/metr4202_ws/install/_local_setup_util_ps1.py'
[1.105s] INFO:colcon.colcon_core.shell:Creating prefix chain script '/home/brog/metr4202/metr4202_ws/install/setup.ps1'
[1.106s] INFO:colcon.colcon_core.shell:Creating prefix script '/home/brog/metr4202/metr4202_ws/install/local_setup.sh'
[1.106s] INFO:colcon.colcon_core.shell:Creating prefix util module '/home/brog/metr4202/metr4202_ws/install/_local_setup_util_sh.py'
[1.107s] INFO:colcon.colcon_core.shell:Creating prefix chain script '/home/brog/metr4202/metr4202_ws/install/setup.sh'
[1.108s] INFO:colcon.colcon_core.shell:Creating prefix script '/home/brog/metr4202/metr4202_ws/install/local_setup.bash'
[1.108s] INFO:colcon.colcon_core.shell:Creating prefix chain script '/home/brog/metr4202/metr4202_ws/install/setup.bash'
[1.109s] INFO:colcon.colcon_core.shell:Creating prefix script '/home/brog/metr4202/metr4202_ws/install/local_setup.zsh'
[1.109s] INFO:colcon.colcon_core.shell:Creating prefix chain script '/home/brog/metr4202/metr4202_ws/install/setup.zsh'
