/usr/lib/python3/dist-packages/setuptools/dist.py:723: UserWarning: Usage of dash-separated 'script-dir' will not be supported in future versions. Please use the underscore name 'script_dir' instead
  warnings.warn(
running egg_info
writing ../../build/nav2_wfd/nav2_wfd.egg-info/PKG-INFO
writing dependency_links to ../../build/nav2_wfd/nav2_wfd.egg-info/dependency_links.txt
writing entry points to ../../build/nav2_wfd/nav2_wfd.egg-info/entry_points.txt
writing requirements to ../../build/nav2_wfd/nav2_wfd.egg-info/requires.txt
writing top-level names to ../../build/nav2_wfd/nav2_wfd.egg-info/top_level.txt
reading manifest file '../../build/nav2_wfd/nav2_wfd.egg-info/SOURCES.txt'
adding license file 'LICENSE'
writing manifest file '../../build/nav2_wfd/nav2_wfd.egg-info/SOURCES.txt'
running build
running build_py
copying nav2_wfd/__init__.py -> /home/brog/metr4202/metr4202_ws/build/nav2_wfd/build/lib/nav2_wfd
copying nav2_wfd/wavefront_frontier.py -> /home/brog/metr4202/metr4202_ws/build/nav2_wfd/build/lib/nav2_wfd
running install
running install_lib
copying /home/brog/metr4202/metr4202_ws/build/nav2_wfd/build/lib/nav2_wfd/__init__.py -> /home/brog/metr4202/metr4202_ws/install/nav2_wfd/lib/python3.10/site-packages/nav2_wfd
copying /home/brog/metr4202/metr4202_ws/build/nav2_wfd/build/lib/nav2_wfd/wavefront_frontier.py -> /home/brog/metr4202/metr4202_ws/install/nav2_wfd/lib/python3.10/site-packages/nav2_wfd
byte-compiling /home/brog/metr4202/metr4202_ws/install/nav2_wfd/lib/python3.10/site-packages/nav2_wfd/__init__.py to __init__.cpython-310.pyc
byte-compiling /home/brog/metr4202/metr4202_ws/install/nav2_wfd/lib/python3.10/site-packages/nav2_wfd/wavefront_frontier.py to wavefront_frontier.cpython-310.pyc
running install_data
copying resource/nav2_wfd -> /home/brog/metr4202/metr4202_ws/install/nav2_wfd/share/ament_index/resource_index/packages
copying package.xml -> /home/brog/metr4202/metr4202_ws/install/nav2_wfd/share/nav2_wfd
running install_egg_info
removing '/home/brog/metr4202/metr4202_ws/install/nav2_wfd/lib/python3.10/site-packages/nav2_wfd-0.0.0-py3.10.egg-info' (and everything under it)
Copying ../../build/nav2_wfd/nav2_wfd.egg-info to /home/brog/metr4202/metr4202_ws/install/nav2_wfd/lib/python3.10/site-packages/nav2_wfd-0.0.0-py3.10.egg-info
running install_scripts
Installing explore script to /home/brog/metr4202/metr4202_ws/install/nav2_wfd/lib/nav2_wfd
writing list of installed files to '/home/brog/metr4202/metr4202_ws/build/nav2_wfd/install.log'
