running develop
Removing /home/brog/metr4202/metr4202_ws/install/map_explorer/lib/python3.10/site-packages/map-explorer.egg-link (link to .)
running egg_info
writing ../../build/map_explorer/map_explorer.egg-info/PKG-INFO
writing dependency_links to ../../build/map_explorer/map_explorer.egg-info/dependency_links.txt
writing entry points to ../../build/map_explorer/map_explorer.egg-info/entry_points.txt
writing requirements to ../../build/map_explorer/map_explorer.egg-info/requires.txt
writing top-level names to ../../build/map_explorer/map_explorer.egg-info/top_level.txt
reading manifest file '../../build/map_explorer/map_explorer.egg-info/SOURCES.txt'
writing manifest file '../../build/map_explorer/map_explorer.egg-info/SOURCES.txt'
running build
running install
running install_data
copying resource/map_explorer -> /home/brog/metr4202/metr4202_ws/install/map_explorer/share/ament_index/resource_index/packages
copying package.xml -> /home/brog/metr4202/metr4202_ws/install/map_explorer/share/map_explorer
running install_egg_info
Copying ../../build/map_explorer/map_explorer.egg-info to /home/brog/metr4202/metr4202_ws/install/map_explorer/lib/python3.10/site-packages/map_explorer-0.0.0-py3.10.egg-info
running install_scripts
Installing map_explorer script to /home/brog/metr4202/metr4202_ws/install/map_explorer/lib/map_explorer
writing list of installed files to '/home/brog/metr4202/metr4202_ws/build/map_explorer/install.log'
