[2.253s] Invoking command in '/home/brog/metr4202/metr4202_ws/build/map_explorer': PYTHONPATH=/home/brog/metr4202/metr4202_ws/build/map_explorer/prefix_override:/usr/lib/python3/dist-packages/colcon_core/task/python/colcon_distutils_commands:/home/brog/metr4202/metr4202_ws/install/map_explorer/lib/python3.10/site-packages:${PYTHONPATH} /usr/bin/python3 -W ignore:setup.py install is deprecated setup.py develop --uninstall --editable --build-directory /home/brog/metr4202/metr4202_ws/build/map_explorer/build
[2.866s] running develop
[2.868s] /usr/lib/python3/dist-packages/setuptools/command/easy_install.py:158: EasyInstallDeprecationWarning: easy_install command is deprecated. Use build and pip and other standards-based tools.
[2.868s]   warnings.warn(
[3.212s] Removing /home/brog/metr4202/metr4202_ws/install/map_explorer/lib/python3.10/site-packages/map-explorer.egg-link (link to .)
[3.271s] Invoked command in '/home/brog/metr4202/metr4202_ws/build/map_explorer' returned '0': PYTHONPATH=/home/brog/metr4202/metr4202_ws/build/map_explorer/prefix_override:/usr/lib/python3/dist-packages/colcon_core/task/python/colcon_distutils_commands:/home/brog/metr4202/metr4202_ws/install/map_explorer/lib/python3.10/site-packages:${PYTHONPATH} /usr/bin/python3 -W ignore:setup.py install is deprecated setup.py develop --uninstall --editable --build-directory /home/brog/metr4202/metr4202_ws/build/map_explorer/build
[3.271s] Invoking command in '/home/brog/metr4202/metr4202_ws/src/map_explorer': PYTHONPATH=/home/brog/metr4202/metr4202_ws/build/map_explorer/prefix_override:/usr/lib/python3/dist-packages/colcon_core/task/python/colcon_distutils_commands:/home/brog/metr4202/metr4202_ws/install/map_explorer/lib/python3.10/site-packages:${PYTHONPATH} /usr/bin/python3 -W ignore:setup.py install is deprecated setup.py egg_info --egg-base ../../build/map_explorer build --build-base /home/brog/metr4202/metr4202_ws/build/map_explorer/build install --record /home/brog/metr4202/metr4202_ws/build/map_explorer/install.log --single-version-externally-managed install_data --force
[3.775s] running egg_info
[3.777s] writing ../../build/map_explorer/map_explorer.egg-info/PKG-INFO
[3.778s] writing dependency_links to ../../build/map_explorer/map_explorer.egg-info/dependency_links.txt
[3.778s] writing entry points to ../../build/map_explorer/map_explorer.egg-info/entry_points.txt
[3.778s] writing requirements to ../../build/map_explorer/map_explorer.egg-info/requires.txt
[3.779s] writing top-level names to ../../build/map_explorer/map_explorer.egg-info/top_level.txt
[3.781s] reading manifest file '../../build/map_explorer/map_explorer.egg-info/SOURCES.txt'
[3.785s] writing manifest file '../../build/map_explorer/map_explorer.egg-info/SOURCES.txt'
[3.786s] running build
[3.786s] running install
[3.786s] running install_data
[3.786s] copying resource/map_explorer -> /home/brog/metr4202/metr4202_ws/install/map_explorer/share/ament_index/resource_index/packages
[3.787s] copying package.xml -> /home/brog/metr4202/metr4202_ws/install/map_explorer/share/map_explorer
[3.787s] running install_egg_info
[3.791s] Copying ../../build/map_explorer/map_explorer.egg-info to /home/brog/metr4202/metr4202_ws/install/map_explorer/lib/python3.10/site-packages/map_explorer-0.0.0-py3.10.egg-info
[3.793s] running install_scripts
[3.841s] Installing map_explorer script to /home/brog/metr4202/metr4202_ws/install/map_explorer/lib/map_explorer
[3.841s] writing list of installed files to '/home/brog/metr4202/metr4202_ws/build/map_explorer/install.log'
[3.893s] Invoked command in '/home/brog/metr4202/metr4202_ws/src/map_explorer' returned '0': PYTHONPATH=/home/brog/metr4202/metr4202_ws/build/map_explorer/prefix_override:/usr/lib/python3/dist-packages/colcon_core/task/python/colcon_distutils_commands:/home/brog/metr4202/metr4202_ws/install/map_explorer/lib/python3.10/site-packages:${PYTHONPATH} /usr/bin/python3 -W ignore:setup.py install is deprecated setup.py egg_info --egg-base ../../build/map_explorer build --build-base /home/brog/metr4202/metr4202_ws/build/map_explorer/build install --record /home/brog/metr4202/metr4202_ws/build/map_explorer/install.log --single-version-externally-managed install_data --force
