running develop
/usr/lib/python3/dist-packages/setuptools/command/easy_install.py:158: EasyInstallDeprecationWarning: easy_install command is deprecated. Use build and pip and other standards-based tools.
  warnings.warn(
running egg_info
creating map_explorer.egg-info
writing map_explorer.egg-info/PKG-INFO
writing dependency_links to map_explorer.egg-info/dependency_links.txt
writing entry points to map_explorer.egg-info/entry_points.txt
writing requirements to map_explorer.egg-info/requires.txt
writing top-level names to map_explorer.egg-info/top_level.txt
writing manifest file 'map_explorer.egg-info/SOURCES.txt'
reading manifest file 'map_explorer.egg-info/SOURCES.txt'
writing manifest file 'map_explorer.egg-info/SOURCES.txt'
running build_ext
Creating /home/brog/metr4202/metr4202_ws/install/map_explorer/lib/python3.10/site-packages/map-explorer.egg-link (link to .)

Installed /home/brog/metr4202/metr4202_ws/build/map_explorer
running symlink_data
creating /home/brog/metr4202/metr4202_ws/install/map_explorer/share/ament_index
creating /home/brog/metr4202/metr4202_ws/install/map_explorer/share/ament_index/resource_index
creating /home/brog/metr4202/metr4202_ws/install/map_explorer/share/ament_index/resource_index/packages
symbolically linking /home/brog/metr4202/metr4202_ws/build/map_explorer/resource/map_explorer -> /home/brog/metr4202/metr4202_ws/install/map_explorer/share/ament_index/resource_index/packages
symbolically linking /home/brog/metr4202/metr4202_ws/build/map_explorer/package.xml -> /home/brog/metr4202/metr4202_ws/install/map_explorer/share/map_explorer
