[0.206s] DEBUG:colcon:Command line arguments: ['/usr/bin/colcon', 'build', '--symlink-install', '--packages-select', 'map_explorer']
[0.207s] DEBUG:colcon:Parsed command line arguments: Namespace(log_base=None, log_level=None, verb_name='build', build_base='build', install_base='install', merge_install=False, symlink_install=True, test_result_base=None, continue_on_error=False, executor='parallel', parallel_workers=8, event_handlers=None, ignore_user_meta=False, metas=['./colcon.meta'], base_paths=['.'], packages_ignore=None, packages_ignore_regex=None, paths=None, packages_up_to=None, packages_up_to_regex=None, packages_above=None, packages_above_and_dependencies=None, packages_above_depth=None, packages_select_by_dep=None, packages_skip_by_dep=None, packages_skip_up_to=None, packages_select_build_failed=False, packages_skip_build_finished=False, packages_select_test_failures=False, packages_skip_test_passed=False, packages_select=['map_explorer'], packages_skip=None, packages_select_regex=None, packages_skip_regex=None, packages_start=None, packages_end=None, allow_overriding=[], cmake_args=None, cmake_target=None, cmake_target_skip_unavailable=False, cmake_clean_cache=False, cmake_clean_first=False, cmake_force_configure=False, ament_cmake_args=None, catkin_cmake_args=None, catkin_skip_building_tests=False, mixin_files=None, mixin=None, verb_parser=<colcon_mixin.mixin.mixin_argument.MixinArgumentDecorator object at 0x7fea8951e980>, verb_extension=<colcon_core.verb.build.BuildVerb object at 0x7fea8951e3e0>, main=<bound method BuildVerb.main of <colcon_core.verb.build.BuildVerb object at 0x7fea8951e3e0>>, mixin_verb=('build',))
[0.672s] Level 1:colcon.colcon_core.package_discovery:discover_packages(colcon_meta) check parameters
[0.672s] Level 1:colcon.colcon_core.package_discovery:discover_packages(recursive) check parameters
[0.672s] Level 1:colcon.colcon_core.package_discovery:discover_packages(ignore) check parameters
[0.672s] Level 1:colcon.colcon_core.package_discovery:discover_packages(path) check parameters
[0.672s] Level 1:colcon.colcon_core.package_discovery:discover_packages(colcon_meta) discover
[0.672s] Level 1:colcon.colcon_core.package_discovery:discover_packages(recursive) discover
[0.672s] INFO:colcon.colcon_core.package_discovery:Crawling recursively for packages in '/home/brog/metr4202/metr4202_ws'
[0.673s] Level 1:colcon.colcon_core.package_identification:_identify(.) by extensions ['ignore', 'ignore_ament_install']
[0.673s] Level 1:colcon.colcon_core.package_identification:_identify(.) by extension 'ignore'
[0.673s] Level 1:colcon.colcon_core.package_identification:_identify(.) by extension 'ignore_ament_install'
[0.673s] Level 1:colcon.colcon_core.package_identification:_identify(.) by extensions ['colcon_pkg']
[0.673s] Level 1:colcon.colcon_core.package_identification:_identify(.) by extension 'colcon_pkg'
[0.673s] Level 1:colcon.colcon_core.package_identification:_identify(.) by extensions ['colcon_meta']
[0.673s] Level 1:colcon.colcon_core.package_identification:_identify(.) by extension 'colcon_meta'
[0.673s] Level 1:colcon.colcon_core.package_identification:_identify(.) by extensions ['ros']
[0.673s] Level 1:colcon.colcon_core.package_identification:_identify(.) by extension 'ros'
[0.713s] Level 1:colcon.colcon_core.package_identification:_identify(.) by extensions ['cmake', 'python']
[0.713s] Level 1:colcon.colcon_core.package_identification:_identify(.) by extension 'cmake'
[0.713s] Level 1:colcon.colcon_core.package_identification:_identify(.) by extension 'python'
[0.713s] Level 1:colcon.colcon_core.package_identification:_identify(.) by extensions ['python_setup_py']
[0.713s] Level 1:colcon.colcon_core.package_identification:_identify(.) by extension 'python_setup_py'
[0.714s] Level 1:colcon.colcon_core.package_identification:_identify(build) by extensions ['ignore', 'ignore_ament_install']
[0.714s] Level 1:colcon.colcon_core.package_identification:_identify(build) by extension 'ignore'
[0.714s] Level 1:colcon.colcon_core.package_identification:_identify(build) ignored
[0.714s] Level 1:colcon.colcon_core.package_identification:_identify(install) by extensions ['ignore', 'ignore_ament_install']
[0.715s] Level 1:colcon.colcon_core.package_identification:_identify(install) by extension 'ignore'
[0.715s] Level 1:colcon.colcon_core.package_identification:_identify(install) ignored
[0.715s] Level 1:colcon.colcon_core.package_identification:_identify(log) by extensions ['ignore', 'ignore_ament_install']
[0.716s] Level 1:colcon.colcon_core.package_identification:_identify(log) by extension 'ignore'
[0.716s] Level 1:colcon.colcon_core.package_identification:_identify(log) ignored
[0.716s] Level 1:colcon.colcon_core.package_identification:_identify(src) by extensions ['ignore', 'ignore_ament_install']
[0.716s] Level 1:colcon.colcon_core.package_identification:_identify(src) by extension 'ignore'
[0.716s] Level 1:colcon.colcon_core.package_identification:_identify(src) by extension 'ignore_ament_install'
[0.716s] Level 1:colcon.colcon_core.package_identification:_identify(src) by extensions ['colcon_pkg']
[0.716s] Level 1:colcon.colcon_core.package_identification:_identify(src) by extension 'colcon_pkg'
[0.716s] Level 1:colcon.colcon_core.package_identification:_identify(src) by extensions ['colcon_meta']
[0.716s] Level 1:colcon.colcon_core.package_identification:_identify(src) by extension 'colcon_meta'
[0.717s] Level 1:colcon.colcon_core.package_identification:_identify(src) by extensions ['ros']
[0.717s] Level 1:colcon.colcon_core.package_identification:_identify(src) by extension 'ros'
[0.717s] Level 1:colcon.colcon_core.package_identification:_identify(src) by extensions ['cmake', 'python']
[0.717s] Level 1:colcon.colcon_core.package_identification:_identify(src) by extension 'cmake'
[0.717s] Level 1:colcon.colcon_core.package_identification:_identify(src) by extension 'python'
[0.717s] Level 1:colcon.colcon_core.package_identification:_identify(src) by extensions ['python_setup_py']
[0.717s] Level 1:colcon.colcon_core.package_identification:_identify(src) by extension 'python_setup_py'
[0.717s] Level 1:colcon.colcon_core.package_identification:_identify(src/map_explorer) by extensions ['ignore', 'ignore_ament_install']
[0.717s] Level 1:colcon.colcon_core.package_identification:_identify(src/map_explorer) by extension 'ignore'
[0.718s] Level 1:colcon.colcon_core.package_identification:_identify(src/map_explorer) by extension 'ignore_ament_install'
[0.718s] Level 1:colcon.colcon_core.package_identification:_identify(src/map_explorer) by extensions ['colcon_pkg']
[0.718s] Level 1:colcon.colcon_core.package_identification:_identify(src/map_explorer) by extension 'colcon_pkg'
[0.719s] Level 1:colcon.colcon_core.package_identification:_identify(src/map_explorer) by extensions ['colcon_meta']
[0.719s] Level 1:colcon.colcon_core.package_identification:_identify(src/map_explorer) by extension 'colcon_meta'
[0.719s] Level 1:colcon.colcon_core.package_identification:_identify(src/map_explorer) by extensions ['ros']
[0.719s] Level 1:colcon.colcon_core.package_identification:_identify(src/map_explorer) by extension 'ros'
[0.731s] DEBUG:colcon.colcon_core.package_identification:Package 'src/map_explorer' with type 'ros.ament_python' and name 'map_explorer'
[0.732s] Level 1:colcon.colcon_core.package_identification:_identify(src/waypoint_commander) by extensions ['ignore', 'ignore_ament_install']
[0.732s] Level 1:colcon.colcon_core.package_identification:_identify(src/waypoint_commander) by extension 'ignore'
[0.733s] Level 1:colcon.colcon_core.package_identification:_identify(src/waypoint_commander) by extension 'ignore_ament_install'
[0.733s] Level 1:colcon.colcon_core.package_identification:_identify(src/waypoint_commander) by extensions ['colcon_pkg']
[0.733s] Level 1:colcon.colcon_core.package_identification:_identify(src/waypoint_commander) by extension 'colcon_pkg'
[0.733s] Level 1:colcon.colcon_core.package_identification:_identify(src/waypoint_commander) by extensions ['colcon_meta']
[0.733s] Level 1:colcon.colcon_core.package_identification:_identify(src/waypoint_commander) by extension 'colcon_meta'
[0.734s] Level 1:colcon.colcon_core.package_identification:_identify(src/waypoint_commander) by extensions ['ros']
[0.734s] Level 1:colcon.colcon_core.package_identification:_identify(src/waypoint_commander) by extension 'ros'
[0.736s] DEBUG:colcon.colcon_core.package_identification:Package 'src/waypoint_commander' with type 'ros.ament_python' and name 'waypoint_commander'
[0.736s] Level 1:colcon.colcon_core.package_discovery:discover_packages(recursive) using defaults
[0.736s] Level 1:colcon.colcon_core.package_discovery:discover_packages(ignore) discover
[0.736s] Level 1:colcon.colcon_core.package_discovery:discover_packages(ignore) using defaults
[0.737s] Level 1:colcon.colcon_core.package_discovery:discover_packages(path) discover
[0.737s] Level 1:colcon.colcon_core.package_discovery:discover_packages(path) using defaults
[0.829s] INFO:colcon.colcon_core.package_selection:Skipping not selected package 'waypoint_commander' in 'src/waypoint_commander'
[0.830s] Level 1:colcon.colcon_core.package_discovery:discover_packages(prefix_path) check parameters
[0.830s] Level 1:colcon.colcon_core.package_discovery:discover_packages(prefix_path) discover
[0.856s] DEBUG:colcon.colcon_installed_package_information.package_discovery:Found 3 installed packages in /home/brog/metr4202/metr4202_ws/install
[0.858s] DEBUG:colcon.colcon_installed_package_information.package_discovery:Found 15 installed packages in /home/brog/metr4202/turtlebot3_ws/install
[0.862s] DEBUG:colcon.colcon_installed_package_information.package_discovery:Found 363 installed packages in /opt/ros/humble
[0.917s] Level 1:colcon.colcon_core.package_discovery:discover_packages(prefix_path) using defaults
[1.062s] Level 5:colcon.colcon_core.verb:set package 'map_explorer' build argument 'cmake_args' from command line to 'None'
[1.062s] Level 5:colcon.colcon_core.verb:set package 'map_explorer' build argument 'cmake_target' from command line to 'None'
[1.062s] Level 5:colcon.colcon_core.verb:set package 'map_explorer' build argument 'cmake_target_skip_unavailable' from command line to 'False'
[1.062s] Level 5:colcon.colcon_core.verb:set package 'map_explorer' build argument 'cmake_clean_cache' from command line to 'False'
[1.062s] Level 5:colcon.colcon_core.verb:set package 'map_explorer' build argument 'cmake_clean_first' from command line to 'False'
[1.062s] Level 5:colcon.colcon_core.verb:set package 'map_explorer' build argument 'cmake_force_configure' from command line to 'False'
[1.062s] Level 5:colcon.colcon_core.verb:set package 'map_explorer' build argument 'ament_cmake_args' from command line to 'None'
[1.062s] Level 5:colcon.colcon_core.verb:set package 'map_explorer' build argument 'catkin_cmake_args' from command line to 'None'
[1.062s] Level 5:colcon.colcon_core.verb:set package 'map_explorer' build argument 'catkin_skip_building_tests' from command line to 'False'
[1.062s] DEBUG:colcon.colcon_core.verb:Building package 'map_explorer' with the following arguments: {'ament_cmake_args': None, 'build_base': '/home/brog/metr4202/metr4202_ws/build/map_explorer', 'catkin_cmake_args': None, 'catkin_skip_building_tests': False, 'cmake_args': None, 'cmake_clean_cache': False, 'cmake_clean_first': False, 'cmake_force_configure': False, 'cmake_target': None, 'cmake_target_skip_unavailable': False, 'install_base': '/home/brog/metr4202/metr4202_ws/install/map_explorer', 'merge_install': False, 'path': '/home/brog/metr4202/metr4202_ws/src/map_explorer', 'symlink_install': True, 'test_result_base': None}
[1.063s] INFO:colcon.colcon_core.executor:Executing jobs using 'parallel' executor
[1.066s] DEBUG:colcon.colcon_parallel_executor.executor.parallel:run_until_complete
[1.067s] INFO:colcon.colcon_ros.task.ament_python.build:Building ROS package in '/home/brog/metr4202/metr4202_ws/src/map_explorer' with build type 'ament_python'
[1.068s] Level 1:colcon.colcon_core.shell:create_environment_hook('map_explorer', 'ament_prefix_path')
[1.074s] INFO:colcon.colcon_core.plugin_system:Skipping extension 'colcon_core.shell.bat': Not used on non-Windows systems
[1.074s] INFO:colcon.colcon_core.shell:Creating environment hook '/home/brog/metr4202/metr4202_ws/install/map_explorer/share/map_explorer/hook/ament_prefix_path.ps1'
[1.076s] INFO:colcon.colcon_core.shell:Creating environment descriptor '/home/brog/metr4202/metr4202_ws/install/map_explorer/share/map_explorer/hook/ament_prefix_path.dsv'
[1.077s] INFO:colcon.colcon_core.shell:Creating environment hook '/home/brog/metr4202/metr4202_ws/install/map_explorer/share/map_explorer/hook/ament_prefix_path.sh'
[1.079s] INFO:colcon.colcon_core.shell:Skip shell extension 'powershell' for command environment: Not usable outside of PowerShell
[1.079s] DEBUG:colcon.colcon_core.shell:Skip shell extension 'dsv' for command environment
[1.813s] INFO:colcon.colcon_core.task.python.build:Building Python package in '/home/brog/metr4202/metr4202_ws/src/map_explorer'
[1.814s] INFO:colcon.colcon_core.shell:Skip shell extension 'powershell' for command environment: Not usable outside of PowerShell
[1.815s] DEBUG:colcon.colcon_core.shell:Skip shell extension 'dsv' for command environment
[2.843s] DEBUG:colcon.colcon_core.event_handler.log_command:Invoking command in '/home/brog/metr4202/metr4202_ws/build/map_explorer': PYTHONPATH=/home/brog/metr4202/metr4202_ws/build/map_explorer/prefix_override:/usr/lib/python3/dist-packages/colcon_core/task/python/colcon_distutils_commands:/home/brog/metr4202/metr4202_ws/install/map_explorer/lib/python3.10/site-packages:${PYTHONPATH} WSLENV=ELECTRON_RUN_AS_NODE/w:WT_SESSION:WT_PROFILE_ID: /usr/bin/python3 -W ignore:setup.py install is deprecated setup.py develop --editable --build-directory /home/brog/metr4202/metr4202_ws/build/map_explorer/build --no-deps symlink_data
[3.982s] Level 1:colcon.colcon_core.shell:create_environment_hook('map_explorer', 'pythonpath_develop')
[3.983s] INFO:colcon.colcon_core.shell:Creating environment hook '/home/brog/metr4202/metr4202_ws/build/map_explorer/share/map_explorer/hook/pythonpath_develop.ps1'
[3.985s] DEBUG:colcon.colcon_core.event_handler.log_command:Invoked command in '/home/brog/metr4202/metr4202_ws/build/map_explorer' returned '0': PYTHONPATH=/home/brog/metr4202/metr4202_ws/build/map_explorer/prefix_override:/usr/lib/python3/dist-packages/colcon_core/task/python/colcon_distutils_commands:/home/brog/metr4202/metr4202_ws/install/map_explorer/lib/python3.10/site-packages:${PYTHONPATH} WSLENV=ELECTRON_RUN_AS_NODE/w:WT_SESSION:WT_PROFILE_ID: /usr/bin/python3 -W ignore:setup.py install is deprecated setup.py develop --editable --build-directory /home/brog/metr4202/metr4202_ws/build/map_explorer/build --no-deps symlink_data
[3.985s] INFO:colcon.colcon_core.shell:Creating environment descriptor '/home/brog/metr4202/metr4202_ws/build/map_explorer/share/map_explorer/hook/pythonpath_develop.dsv'
[3.986s] INFO:colcon.colcon_core.shell:Creating environment hook '/home/brog/metr4202/metr4202_ws/build/map_explorer/share/map_explorer/hook/pythonpath_develop.sh'
[3.991s] Level 1:colcon.colcon_core.environment:checking '/home/brog/metr4202/metr4202_ws/install/map_explorer' for CMake module files
[3.993s] Level 1:colcon.colcon_core.environment:checking '/home/brog/metr4202/metr4202_ws/install/map_explorer' for CMake config files
[3.995s] Level 1:colcon.colcon_core.environment:checking '/home/brog/metr4202/metr4202_ws/install/map_explorer/lib'
[3.996s] Level 1:colcon.colcon_core.environment:checking '/home/brog/metr4202/metr4202_ws/install/map_explorer/bin'
[3.996s] Level 1:colcon.colcon_core.environment:checking '/home/brog/metr4202/metr4202_ws/install/map_explorer/lib/pkgconfig/map_explorer.pc'
[3.997s] Level 1:colcon.colcon_core.environment:checking '/home/brog/metr4202/metr4202_ws/install/map_explorer/lib/python3.10/site-packages'
[3.997s] Level 1:colcon.colcon_core.shell:create_environment_hook('map_explorer', 'pythonpath')
[3.998s] INFO:colcon.colcon_core.shell:Creating environment hook '/home/brog/metr4202/metr4202_ws/install/map_explorer/share/map_explorer/hook/pythonpath.ps1'
[3.999s] INFO:colcon.colcon_core.shell:Creating environment descriptor '/home/brog/metr4202/metr4202_ws/install/map_explorer/share/map_explorer/hook/pythonpath.dsv'
[3.999s] INFO:colcon.colcon_core.shell:Creating environment hook '/home/brog/metr4202/metr4202_ws/install/map_explorer/share/map_explorer/hook/pythonpath.sh'
[4.001s] Level 1:colcon.colcon_core.environment:checking '/home/brog/metr4202/metr4202_ws/install/map_explorer/bin'
[4.001s] Level 1:colcon.colcon_core.environment:create_environment_scripts_only(map_explorer)
[4.002s] INFO:colcon.colcon_core.shell:Creating package script '/home/brog/metr4202/metr4202_ws/install/map_explorer/share/map_explorer/package.ps1'
[4.004s] INFO:colcon.colcon_core.shell:Creating package descriptor '/home/brog/metr4202/metr4202_ws/install/map_explorer/share/map_explorer/package.dsv'
[4.006s] INFO:colcon.colcon_core.shell:Creating package script '/home/brog/metr4202/metr4202_ws/install/map_explorer/share/map_explorer/package.sh'
[4.009s] INFO:colcon.colcon_core.shell:Creating package script '/home/brog/metr4202/metr4202_ws/install/map_explorer/share/map_explorer/package.bash'
[4.011s] INFO:colcon.colcon_core.shell:Creating package script '/home/brog/metr4202/metr4202_ws/install/map_explorer/share/map_explorer/package.zsh'
[4.013s] Level 1:colcon.colcon_core.environment:create_file_with_runtime_dependencies(/home/brog/metr4202/metr4202_ws/install/map_explorer/share/colcon-core/packages/map_explorer)
[4.015s] DEBUG:colcon.colcon_parallel_executor.executor.parallel:closing loop
[4.016s] DEBUG:colcon.colcon_parallel_executor.executor.parallel:loop closed
[4.016s] DEBUG:colcon.colcon_parallel_executor.executor.parallel:run_until_complete finished with '0'
[4.016s] DEBUG:colcon.colcon_core.event_reactor:joining thread
[4.084s] INFO:colcon.colcon_core.plugin_system:Skipping extension 'colcon_notification.desktop_notification.notify_send': Could not find 'notify-send'
[4.084s] INFO:colcon.colcon_core.plugin_system:Skipping extension 'colcon_notification.desktop_notification.terminal_notifier': Not used on non-Darwin systems
[4.085s] INFO:colcon.colcon_core.plugin_system:Skipping extension 'colcon_notification.desktop_notification.win32': Not used on non-Windows systems
[4.085s] INFO:colcon.colcon_notification.desktop_notification:Sending desktop notification using 'notify2'
[4.087s] DEBUG:colcon.colcon_notification.desktop_notification.notify2:Failed to initialize notify2: org.freedesktop.DBus.Error.FileNotFound: Failed to connect to socket /run/user/1000/bus: No such file or directory
[4.087s] DEBUG:colcon.colcon_core.event_reactor:joined thread
[4.088s] INFO:colcon.colcon_core.shell:Creating prefix script '/home/brog/metr4202/metr4202_ws/install/local_setup.ps1'
[4.090s] INFO:colcon.colcon_core.shell:Creating prefix util module '/home/brog/metr4202/metr4202_ws/install/_local_setup_util_ps1.py'
[4.095s] INFO:colcon.colcon_core.shell:Creating prefix chain script '/home/brog/metr4202/metr4202_ws/install/setup.ps1'
[4.101s] INFO:colcon.colcon_core.shell:Creating prefix script '/home/brog/metr4202/metr4202_ws/install/local_setup.sh'
[4.103s] INFO:colcon.colcon_core.shell:Creating prefix util module '/home/brog/metr4202/metr4202_ws/install/_local_setup_util_sh.py'
[4.104s] INFO:colcon.colcon_core.shell:Creating prefix chain script '/home/brog/metr4202/metr4202_ws/install/setup.sh'
[4.109s] INFO:colcon.colcon_core.shell:Creating prefix script '/home/brog/metr4202/metr4202_ws/install/local_setup.bash'
[4.110s] INFO:colcon.colcon_core.shell:Creating prefix chain script '/home/brog/metr4202/metr4202_ws/install/setup.bash'
[4.113s] INFO:colcon.colcon_core.shell:Creating prefix script '/home/brog/metr4202/metr4202_ws/install/local_setup.zsh'
[4.115s] INFO:colcon.colcon_core.shell:Creating prefix chain script '/home/brog/metr4202/metr4202_ws/install/setup.zsh'
