[1.231s] Invoking command in '/home/brog/metr4202/metr4202_ws/build/waypoint_commander': PYTHONPATH=/home/brog/metr4202/metr4202_ws/build/waypoint_commander/prefix_override:/usr/lib/python3/dist-packages/colcon_core/task/python/colcon_distutils_commands:/home/brog/metr4202/metr4202_ws/install/waypoint_commander/lib/python3.10/site-packages:${PYTHONPATH} /usr/bin/python3 -W ignore:setup.py install is deprecated setup.py develop --editable --build-directory /home/brog/metr4202/metr4202_ws/build/waypoint_commander/build --no-deps symlink_data
[1.689s] running develop
[1.690s] /usr/lib/python3/dist-packages/setuptools/command/easy_install.py:158: EasyInstallDeprecationWarning: easy_install command is deprecated. Use build and pip and other standards-based tools.
[1.690s]   warnings.warn(
[1.973s] running egg_info
[1.973s] creating waypoint_commander.egg-info
[1.973s] writing waypoint_commander.egg-info/PKG-INFO
[1.974s] writing dependency_links to waypoint_commander.egg-info/dependency_links.txt
[1.974s] writing entry points to waypoint_commander.egg-info/entry_points.txt
[1.975s] writing requirements to waypoint_commander.egg-info/requires.txt
[1.975s] writing top-level names to waypoint_commander.egg-info/top_level.txt
[1.975s] writing manifest file 'waypoint_commander.egg-info/SOURCES.txt'
[1.978s] reading manifest file 'waypoint_commander.egg-info/SOURCES.txt'
[1.978s] writing manifest file 'waypoint_commander.egg-info/SOURCES.txt'
[1.981s] running build_ext
[1.981s] Creating /home/brog/metr4202/metr4202_ws/install/waypoint_commander/lib/python3.10/site-packages/waypoint-commander.egg-link (link to .)
[1.982s] Installing waypoint_cycler script to /home/brog/metr4202/metr4202_ws/install/waypoint_commander/lib/waypoint_commander
[1.983s] 
[1.983s] Installed /home/brog/metr4202/metr4202_ws/build/waypoint_commander
[1.983s] running symlink_data
[1.984s] creating /home/brog/metr4202/metr4202_ws/install/waypoint_commander/share/ament_index
[1.984s] creating /home/brog/metr4202/metr4202_ws/install/waypoint_commander/share/ament_index/resource_index
[1.984s] creating /home/brog/metr4202/metr4202_ws/install/waypoint_commander/share/ament_index/resource_index/packages
[1.985s] symbolically linking /home/brog/metr4202/metr4202_ws/build/waypoint_commander/resource/waypoint_commander -> /home/brog/metr4202/metr4202_ws/install/waypoint_commander/share/ament_index/resource_index/packages
[1.985s] symbolically linking /home/brog/metr4202/metr4202_ws/build/waypoint_commander/package.xml -> /home/brog/metr4202/metr4202_ws/install/waypoint_commander/share/waypoint_commander
[2.045s] Invoked command in '/home/brog/metr4202/metr4202_ws/build/waypoint_commander' returned '0': PYTHONPATH=/home/brog/metr4202/metr4202_ws/build/waypoint_commander/prefix_override:/usr/lib/python3/dist-packages/colcon_core/task/python/colcon_distutils_commands:/home/brog/metr4202/metr4202_ws/install/waypoint_commander/lib/python3.10/site-packages:${PYTHONPATH} /usr/bin/python3 -W ignore:setup.py install is deprecated setup.py develop --editable --build-directory /home/brog/metr4202/metr4202_ws/build/waypoint_commander/build --no-deps symlink_data
